This is pdfTeX, Version 3.14159265-2.6-1.40.18 (TeX Live 2017/Debian) (preloaded format=pdflatex 2018.10.12)  5 NOV 2018 23:27
entering extended mode
 restricted \write18 enabled.
 %&-line parsing enabled.
**Memoria.tex
(./Memoria.tex
LaTeX2e <2017-04-15>
Babel <3.18> and hyphenation patterns for 84 language(s) loaded.
(/usr/share/texlive/texmf-dist/tex/latex/base/article.cls
Document Class: article 2014/09/29 v1.4h Standard LaTeX document class
(/usr/share/texlive/texmf-dist/tex/latex/base/size10.clo
File: size10.clo 2014/09/29 v1.4h Standard LaTeX file (size option)
)
\c@part=\count79
\c@section=\count80
\c@subsection=\count81
\c@subsubsection=\count82
\c@paragraph=\count83
\c@subparagraph=\count84
\c@figure=\count85
\c@table=\count86
\abovecaptionskip=\skip41
\belowcaptionskip=\skip42
\bibindent=\dimen102
)
(/usr/share/texlive/texmf-dist/tex/latex/base/inputenc.sty
Package: inputenc 2015/03/17 v1.2c Input encoding file
\inpenc@prehook=\toks14
\inpenc@posthook=\toks15

(/usr/share/texlive/texmf-dist/tex/latex/base/utf8.def
File: utf8.def 2017/01/28 v1.1t UTF-8 support for inputenc
Now handling font encoding OML ...
... no UTF-8 mapping file for font encoding OML
Now handling font encoding T1 ...
... processing UTF-8 mapping file for font encoding T1

(/usr/share/texlive/texmf-dist/tex/latex/base/t1enc.dfu
File: t1enc.dfu 2017/01/28 v1.1t UTF-8 support for inputenc
   defining Unicode char U+00A0 (decimal 160)
   defining Unicode char U+00A1 (decimal 161)
   defining Unicode char U+00A3 (decimal 163)
   defining Unicode char U+00AB (decimal 171)
   defining Unicode char U+00AD (decimal 173)
   defining Unicode char U+00BB (decimal 187)
   defining Unicode char U+00BF (decimal 191)
   defining Unicode char U+00C0 (decimal 192)
   defining Unicode char U+00C1 (decimal 193)
   defining Unicode char U+00C2 (decimal 194)
   defining Unicode char U+00C3 (decimal 195)
   defining Unicode char U+00C4 (decimal 196)
   defining Unicode char U+00C5 (decimal 197)
   defining Unicode char U+00C6 (decimal 198)
   defining Unicode char U+00C7 (decimal 199)
   defining Unicode char U+00C8 (decimal 200)
   defining Unicode char U+00C9 (decimal 201)
   defining Unicode char U+00CA (decimal 202)
   defining Unicode char U+00CB (decimal 203)
   defining Unicode char U+00CC (decimal 204)
   defining Unicode char U+00CD (decimal 205)
   defining Unicode char U+00CE (decimal 206)
   defining Unicode char U+00CF (decimal 207)
   defining Unicode char U+00D0 (decimal 208)
   defining Unicode char U+00D1 (decimal 209)
   defining Unicode char U+00D2 (decimal 210)
   defining Unicode char U+00D3 (decimal 211)
   defining Unicode char U+00D4 (decimal 212)
   defining Unicode char U+00D5 (decimal 213)
   defining Unicode char U+00D6 (decimal 214)
   defining Unicode char U+00D8 (decimal 216)
   defining Unicode char U+00D9 (decimal 217)
   defining Unicode char U+00DA (decimal 218)
   defining Unicode char U+00DB (decimal 219)
   defining Unicode char U+00DC (decimal 220)
   defining Unicode char U+00DD (decimal 221)
   defining Unicode char U+00DE (decimal 222)
   defining Unicode char U+00DF (decimal 223)
   defining Unicode char U+00E0 (decimal 224)
   defining Unicode char U+00E1 (decimal 225)
   defining Unicode char U+00E2 (decimal 226)
   defining Unicode char U+00E3 (decimal 227)
   defining Unicode char U+00E4 (decimal 228)
   defining Unicode char U+00E5 (decimal 229)
   defining Unicode char U+00E6 (decimal 230)
   defining Unicode char U+00E7 (decimal 231)
   defining Unicode char U+00E8 (decimal 232)
   defining Unicode char U+00E9 (decimal 233)
   defining Unicode char U+00EA (decimal 234)
   defining Unicode char U+00EB (decimal 235)
   defining Unicode char U+00EC (decimal 236)
   defining Unicode char U+00ED (decimal 237)
   defining Unicode char U+00EE (decimal 238)
   defining Unicode char U+00EF (decimal 239)
   defining Unicode char U+00F0 (decimal 240)
   defining Unicode char U+00F1 (decimal 241)
   defining Unicode char U+00F2 (decimal 242)
   defining Unicode char U+00F3 (decimal 243)
   defining Unicode char U+00F4 (decimal 244)
   defining Unicode char U+00F5 (decimal 245)
   defining Unicode char U+00F6 (decimal 246)
   defining Unicode char U+00F8 (decimal 248)
   defining Unicode char U+00F9 (decimal 249)
   defining Unicode char U+00FA (decimal 250)
   defining Unicode char U+00FB (decimal 251)
   defining Unicode char U+00FC (decimal 252)
   defining Unicode char U+00FD (decimal 253)
   defining Unicode char U+00FE (decimal 254)
   defining Unicode char U+00FF (decimal 255)
   defining Unicode char U+0100 (decimal 256)
   defining Unicode char U+0101 (decimal 257)
   defining Unicode char U+0102 (decimal 258)
   defining Unicode char U+0103 (decimal 259)
   defining Unicode char U+0104 (decimal 260)
   defining Unicode char U+0105 (decimal 261)
   defining Unicode char U+0106 (decimal 262)
   defining Unicode char U+0107 (decimal 263)
   defining Unicode char U+0108 (decimal 264)
   defining Unicode char U+0109 (decimal 265)
   defining Unicode char U+010A (decimal 266)
   defining Unicode char U+010B (decimal 267)
   defining Unicode char U+010C (decimal 268)
   defining Unicode char U+010D (decimal 269)
   defining Unicode char U+010E (decimal 270)
   defining Unicode char U+010F (decimal 271)
   defining Unicode char U+0110 (decimal 272)
   defining Unicode char U+0111 (decimal 273)
   defining Unicode char U+0112 (decimal 274)
   defining Unicode char U+0113 (decimal 275)
   defining Unicode char U+0114 (decimal 276)
   defining Unicode char U+0115 (decimal 277)
   defining Unicode char U+0116 (decimal 278)
   defining Unicode char U+0117 (decimal 279)
   defining Unicode char U+0118 (decimal 280)
   defining Unicode char U+0119 (decimal 281)
   defining Unicode char U+011A (decimal 282)
   defining Unicode char U+011B (decimal 283)
   defining Unicode char U+011C (decimal 284)
   defining Unicode char U+011D (decimal 285)
   defining Unicode char U+011E (decimal 286)
   defining Unicode char U+011F (decimal 287)
   defining Unicode char U+0120 (decimal 288)
   defining Unicode char U+0121 (decimal 289)
   defining Unicode char U+0122 (decimal 290)
   defining Unicode char U+0123 (decimal 291)
   defining Unicode char U+0124 (decimal 292)
   defining Unicode char U+0125 (decimal 293)
   defining Unicode char U+0128 (decimal 296)
   defining Unicode char U+0129 (decimal 297)
   defining Unicode char U+012A (decimal 298)
   defining Unicode char U+012B (decimal 299)
   defining Unicode char U+012C (decimal 300)
   defining Unicode char U+012D (decimal 301)
   defining Unicode char U+012E (decimal 302)
   defining Unicode char U+012F (decimal 303)
   defining Unicode char U+0130 (decimal 304)
   defining Unicode char U+0131 (decimal 305)
   defining Unicode char U+0132 (decimal 306)
   defining Unicode char U+0133 (decimal 307)
   defining Unicode char U+0134 (decimal 308)
   defining Unicode char U+0135 (decimal 309)
   defining Unicode char U+0136 (decimal 310)
   defining Unicode char U+0137 (decimal 311)
   defining Unicode char U+0139 (decimal 313)
   defining Unicode char U+013A (decimal 314)
   defining Unicode char U+013B (decimal 315)
   defining Unicode char U+013C (decimal 316)
   defining Unicode char U+013D (decimal 317)
   defining Unicode char U+013E (decimal 318)
   defining Unicode char U+0141 (decimal 321)
   defining Unicode char U+0142 (decimal 322)
   defining Unicode char U+0143 (decimal 323)
   defining Unicode char U+0144 (decimal 324)
   defining Unicode char U+0145 (decimal 325)
   defining Unicode char U+0146 (decimal 326)
   defining Unicode char U+0147 (decimal 327)
   defining Unicode char U+0148 (decimal 328)
   defining Unicode char U+014A (decimal 330)
   defining Unicode char U+014B (decimal 331)
   defining Unicode char U+014C (decimal 332)
   defining Unicode char U+014D (decimal 333)
   defining Unicode char U+014E (decimal 334)
   defining Unicode char U+014F (decimal 335)
   defining Unicode char U+0150 (decimal 336)
   defining Unicode char U+0151 (decimal 337)
   defining Unicode char U+0152 (decimal 338)
   defining Unicode char U+0153 (decimal 339)
   defining Unicode char U+0154 (decimal 340)
   defining Unicode char U+0155 (decimal 341)
   defining Unicode char U+0156 (decimal 342)
   defining Unicode char U+0157 (decimal 343)
   defining Unicode char U+0158 (decimal 344)
   defining Unicode char U+0159 (decimal 345)
   defining Unicode char U+015A (decimal 346)
   defining Unicode char U+015B (decimal 347)
   defining Unicode char U+015C (decimal 348)
   defining Unicode char U+015D (decimal 349)
   defining Unicode char U+015E (decimal 350)
   defining Unicode char U+015F (decimal 351)
   defining Unicode char U+0160 (decimal 352)
   defining Unicode char U+0161 (decimal 353)
   defining Unicode char U+0162 (decimal 354)
   defining Unicode char U+0163 (decimal 355)
   defining Unicode char U+0164 (decimal 356)
   defining Unicode char U+0165 (decimal 357)
   defining Unicode char U+0168 (decimal 360)
   defining Unicode char U+0169 (decimal 361)
   defining Unicode char U+016A (decimal 362)
   defining Unicode char U+016B (decimal 363)
   defining Unicode char U+016C (decimal 364)
   defining Unicode char U+016D (decimal 365)
   defining Unicode char U+016E (decimal 366)
   defining Unicode char U+016F (decimal 367)
   defining Unicode char U+0170 (decimal 368)
   defining Unicode char U+0171 (decimal 369)
   defining Unicode char U+0172 (decimal 370)
   defining Unicode char U+0173 (decimal 371)
   defining Unicode char U+0174 (decimal 372)
   defining Unicode char U+0175 (decimal 373)
   defining Unicode char U+0176 (decimal 374)
   defining Unicode char U+0177 (decimal 375)
   defining Unicode char U+0178 (decimal 376)
   defining Unicode char U+0179 (decimal 377)
   defining Unicode char U+017A (decimal 378)
   defining Unicode char U+017B (decimal 379)
   defining Unicode char U+017C (decimal 380)
   defining Unicode char U+017D (decimal 381)
   defining Unicode char U+017E (decimal 382)
   defining Unicode char U+01CD (decimal 461)
   defining Unicode char U+01CE (decimal 462)
   defining Unicode char U+01CF (decimal 463)
   defining Unicode char U+01D0 (decimal 464)
   defining Unicode char U+01D1 (decimal 465)
   defining Unicode char U+01D2 (decimal 466)
   defining Unicode char U+01D3 (decimal 467)
   defining Unicode char U+01D4 (decimal 468)
   defining Unicode char U+01E2 (decimal 482)
   defining Unicode char U+01E3 (decimal 483)
   defining Unicode char U+01E6 (decimal 486)
   defining Unicode char U+01E7 (decimal 487)
   defining Unicode char U+01E8 (decimal 488)
   defining Unicode char U+01E9 (decimal 489)
   defining Unicode char U+01EA (decimal 490)
   defining Unicode char U+01EB (decimal 491)
   defining Unicode char U+01F0 (decimal 496)
   defining Unicode char U+01F4 (decimal 500)
   defining Unicode char U+01F5 (decimal 501)
   defining Unicode char U+0218 (decimal 536)
   defining Unicode char U+0219 (decimal 537)
   defining Unicode char U+021A (decimal 538)
   defining Unicode char U+021B (decimal 539)
   defining Unicode char U+0232 (decimal 562)
   defining Unicode char U+0233 (decimal 563)
   defining Unicode char U+1E02 (decimal 7682)
   defining Unicode char U+1E03 (decimal 7683)
   defining Unicode char U+200C (decimal 8204)
   defining Unicode char U+2010 (decimal 8208)
   defining Unicode char U+2011 (decimal 8209)
   defining Unicode char U+2012 (decimal 8210)
   defining Unicode char U+2013 (decimal 8211)
   defining Unicode char U+2014 (decimal 8212)
   defining Unicode char U+2015 (decimal 8213)
   defining Unicode char U+2018 (decimal 8216)
   defining Unicode char U+2019 (decimal 8217)
   defining Unicode char U+201A (decimal 8218)
   defining Unicode char U+201C (decimal 8220)
   defining Unicode char U+201D (decimal 8221)
   defining Unicode char U+201E (decimal 8222)
   defining Unicode char U+2030 (decimal 8240)
   defining Unicode char U+2031 (decimal 8241)
   defining Unicode char U+2039 (decimal 8249)
   defining Unicode char U+203A (decimal 8250)
   defining Unicode char U+2423 (decimal 9251)
   defining Unicode char U+1E20 (decimal 7712)
   defining Unicode char U+1E21 (decimal 7713)
)
Now handling font encoding OT1 ...
... processing UTF-8 mapping file for font encoding OT1

(/usr/share/texlive/texmf-dist/tex/latex/base/ot1enc.dfu
File: ot1enc.dfu 2017/01/28 v1.1t UTF-8 support for inputenc
   defining Unicode char U+00A0 (decimal 160)
   defining Unicode char U+00A1 (decimal 161)
   defining Unicode char U+00A3 (decimal 163)
   defining Unicode char U+00AD (decimal 173)
   defining Unicode char U+00B8 (decimal 184)
   defining Unicode char U+00BF (decimal 191)
   defining Unicode char U+00C5 (decimal 197)
   defining Unicode char U+00C6 (decimal 198)
   defining Unicode char U+00D8 (decimal 216)
   defining Unicode char U+00DF (decimal 223)
   defining Unicode char U+00E6 (decimal 230)
   defining Unicode char U+00EC (decimal 236)
   defining Unicode char U+00ED (decimal 237)
   defining Unicode char U+00EE (decimal 238)
   defining Unicode char U+00EF (decimal 239)
   defining Unicode char U+00F8 (decimal 248)
   defining Unicode char U+0131 (decimal 305)
   defining Unicode char U+0141 (decimal 321)
   defining Unicode char U+0142 (decimal 322)
   defining Unicode char U+0152 (decimal 338)
   defining Unicode char U+0153 (decimal 339)
   defining Unicode char U+0174 (decimal 372)
   defining Unicode char U+0175 (decimal 373)
   defining Unicode char U+0176 (decimal 374)
   defining Unicode char U+0177 (decimal 375)
   defining Unicode char U+0218 (decimal 536)
   defining Unicode char U+0219 (decimal 537)
   defining Unicode char U+021A (decimal 538)
   defining Unicode char U+021B (decimal 539)
   defining Unicode char U+2013 (decimal 8211)
   defining Unicode char U+2014 (decimal 8212)
   defining Unicode char U+2018 (decimal 8216)
   defining Unicode char U+2019 (decimal 8217)
   defining Unicode char U+201C (decimal 8220)
   defining Unicode char U+201D (decimal 8221)
)
Now handling font encoding OMS ...
... processing UTF-8 mapping file for font encoding OMS

(/usr/share/texlive/texmf-dist/tex/latex/base/omsenc.dfu
File: omsenc.dfu 2017/01/28 v1.1t UTF-8 support for inputenc
   defining Unicode char U+00A7 (decimal 167)
   defining Unicode char U+00B6 (decimal 182)
   defining Unicode char U+00B7 (decimal 183)
   defining Unicode char U+2020 (decimal 8224)
   defining Unicode char U+2021 (decimal 8225)
   defining Unicode char U+2022 (decimal 8226)
)
Now handling font encoding OMX ...
... no UTF-8 mapping file for font encoding OMX
Now handling font encoding U ...
... no UTF-8 mapping file for font encoding U
   defining Unicode char U+00A9 (decimal 169)
   defining Unicode char U+00AA (decimal 170)
   defining Unicode char U+00AE (decimal 174)
   defining Unicode char U+00BA (decimal 186)
   defining Unicode char U+02C6 (decimal 710)
   defining Unicode char U+02DC (decimal 732)
   defining Unicode char U+200C (decimal 8204)
   defining Unicode char U+2026 (decimal 8230)
   defining Unicode char U+2122 (decimal 8482)
   defining Unicode char U+2423 (decimal 9251)
))
(/usr/share/texlive/texmf-dist/tex/latex/titling/titling.sty
Package: titling 2009/09/04 v2.1d maketitle typesetting
\thanksmarkwidth=\skip43
\thanksmargin=\skip44
\droptitle=\skip45
)
(/usr/share/texlive/texmf-dist/tex/latex/graphics/graphicx.sty
Package: graphicx 2017/06/01 v1.1a Enhanced LaTeX Graphics (DPC,SPQR)

(/usr/share/texlive/texmf-dist/tex/latex/graphics/keyval.sty
Package: keyval 2014/10/28 v1.15 key=value parser (DPC)
\KV@toks@=\toks16
)
(/usr/share/texlive/texmf-dist/tex/latex/graphics/graphics.sty
Package: graphics 2017/06/25 v1.2c Standard LaTeX Graphics (DPC,SPQR)

(/usr/share/texlive/texmf-dist/tex/latex/graphics/trig.sty
Package: trig 2016/01/03 v1.10 sin cos tan (DPC)
)
(/usr/share/texlive/texmf-dist/tex/latex/graphics-cfg/graphics.cfg
File: graphics.cfg 2016/06/04 v1.11 sample graphics configuration
)
Package graphics Info: Driver file: pdftex.def on input line 99.

(/usr/share/texlive/texmf-dist/tex/latex/graphics-def/pdftex.def
File: pdftex.def 2018/01/08 v1.0l Graphics/color driver for pdftex
))
\Gin@req@height=\dimen103
\Gin@req@width=\dimen104
)
(/usr/share/texlive/texmf-dist/tex/latex/xcolor/xcolor.sty
Package: xcolor 2016/05/11 v2.12 LaTeX color extensions (UK)

(/usr/share/texlive/texmf-dist/tex/latex/graphics-cfg/color.cfg
File: color.cfg 2016/01/02 v1.6 sample color configuration
)
Package xcolor Info: Driver file: pdftex.def on input line 225.
Package xcolor Info: Model `cmy' substituted by `cmy0' on input line 1348.
Package xcolor Info: Model `hsb' substituted by `rgb' on input line 1352.
Package xcolor Info: Model `RGB' extended on input line 1364.
Package xcolor Info: Model `HTML' substituted by `rgb' on input line 1366.
Package xcolor Info: Model `Hsb' substituted by `hsb' on input line 1367.
Package xcolor Info: Model `tHsb' substituted by `hsb' on input line 1368.
Package xcolor Info: Model `HSB' substituted by `hsb' on input line 1369.
Package xcolor Info: Model `Gray' substituted by `gray' on input line 1370.
Package xcolor Info: Model `wave' substituted by `hsb' on input line 1371.
)
(/usr/share/texlive/texmf-dist/tex/latex/hyperref/hyperref.sty
Package: hyperref 2018/02/06 v6.86b Hypertext links for LaTeX

(/usr/share/texlive/texmf-dist/tex/generic/oberdiek/hobsub-hyperref.sty
Package: hobsub-hyperref 2016/05/16 v1.14 Bundle oberdiek, subset hyperref (HO)


(/usr/share/texlive/texmf-dist/tex/generic/oberdiek/hobsub-generic.sty
Package: hobsub-generic 2016/05/16 v1.14 Bundle oberdiek, subset generic (HO)
Package: hobsub 2016/05/16 v1.14 Construct package bundles (HO)
Package: infwarerr 2016/05/16 v1.4 Providing info/warning/error messages (HO)
Package: ltxcmds 2016/05/16 v1.23 LaTeX kernel commands for general use (HO)
Package: ifluatex 2016/05/16 v1.4 Provides the ifluatex switch (HO)
Package ifluatex Info: LuaTeX not detected.
Package: ifvtex 2016/05/16 v1.6 Detect VTeX and its facilities (HO)
Package ifvtex Info: VTeX not detected.
Package: intcalc 2016/05/16 v1.2 Expandable calculations with integers (HO)
Package: ifpdf 2017/03/15 v3.2 Provides the ifpdf switch
Package: etexcmds 2016/05/16 v1.6 Avoid name clashes with e-TeX commands (HO)
Package etexcmds Info: Could not find \expanded.
(etexcmds)             That can mean that you are not using pdfTeX 1.50 or
(etexcmds)             that some package has redefined \expanded.
(etexcmds)             In the latter case, load this package earlier.
Package: kvsetkeys 2016/05/16 v1.17 Key value parser (HO)
Package: kvdefinekeys 2016/05/16 v1.4 Define keys (HO)
Package: pdftexcmds 2018/01/21 v0.26 Utility functions of pdfTeX for LuaTeX (HO
)
Package pdftexcmds Info: LuaTeX not detected.
Package pdftexcmds Info: \pdf@primitive is available.
Package pdftexcmds Info: \pdf@ifprimitive is available.
Package pdftexcmds Info: \pdfdraftmode found.
Package: pdfescape 2016/05/16 v1.14 Implements pdfTeX's escape features (HO)
Package: bigintcalc 2016/05/16 v1.4 Expandable calculations on big integers (HO
)
Package: bitset 2016/05/16 v1.2 Handle bit-vector datatype (HO)
Package: uniquecounter 2016/05/16 v1.3 Provide unlimited unique counter (HO)
)
Package hobsub Info: Skipping package `hobsub' (already loaded).
Package: letltxmacro 2016/05/16 v1.5 Let assignment for LaTeX macros (HO)
Package: hopatch 2016/05/16 v1.3 Wrapper for package hooks (HO)
Package: xcolor-patch 2016/05/16 xcolor patch
Package: atveryend 2016/05/16 v1.9 Hooks at the very end of document (HO)
Package atveryend Info: \enddocument detected (standard20110627).
Package: atbegshi 2016/06/09 v1.18 At begin shipout hook (HO)
Package: refcount 2016/05/16 v3.5 Data extraction from label references (HO)
Package: hycolor 2016/05/16 v1.8 Color options for hyperref/bookmark (HO)
)
(/usr/share/texlive/texmf-dist/tex/generic/ifxetex/ifxetex.sty
Package: ifxetex 2010/09/12 v0.6 Provides ifxetex conditional
)
(/usr/share/texlive/texmf-dist/tex/latex/oberdiek/auxhook.sty
Package: auxhook 2016/05/16 v1.4 Hooks for auxiliary files (HO)
)
(/usr/share/texlive/texmf-dist/tex/latex/oberdiek/kvoptions.sty
Package: kvoptions 2016/05/16 v3.12 Key value format for package options (HO)
)
\@linkdim=\dimen105
\Hy@linkcounter=\count87
\Hy@pagecounter=\count88

(/usr/share/texlive/texmf-dist/tex/latex/hyperref/pd1enc.def
File: pd1enc.def 2018/02/06 v6.86b Hyperref: PDFDocEncoding definition (HO)
Now handling font encoding PD1 ...
... no UTF-8 mapping file for font encoding PD1
)
\Hy@SavedSpaceFactor=\count89

(/usr/share/texlive/texmf-dist/tex/latex/latexconfig/hyperref.cfg
File: hyperref.cfg 2002/06/06 v1.2 hyperref configuration of TeXLive
)
Package hyperref Info: Option `colorlinks' set `true' on input line 4383.
Package hyperref Info: Hyper figures OFF on input line 4509.
Package hyperref Info: Link nesting OFF on input line 4514.
Package hyperref Info: Hyper index ON on input line 4517.
Package hyperref Info: Plain pages OFF on input line 4524.
Package hyperref Info: Backreferencing OFF on input line 4529.
Package hyperref Info: Implicit mode ON; LaTeX internals redefined.
Package hyperref Info: Bookmarks ON on input line 4762.
\c@Hy@tempcnt=\count90

(/usr/share/texlive/texmf-dist/tex/latex/url/url.sty
\Urlmuskip=\muskip10
Package: url 2013/09/16  ver 3.4  Verb mode for urls, etc.
)
LaTeX Info: Redefining \url on input line 5115.
\XeTeXLinkMargin=\dimen106
\Fld@menulength=\count91
\Field@Width=\dimen107
\Fld@charsize=\dimen108
Package hyperref Info: Hyper figures OFF on input line 6369.
Package hyperref Info: Link nesting OFF on input line 6374.
Package hyperref Info: Hyper index ON on input line 6377.
Package hyperref Info: backreferencing OFF on input line 6384.
Package hyperref Info: Link coloring ON on input line 6387.
Package hyperref Info: Link coloring with OCG OFF on input line 6394.
Package hyperref Info: PDF/A mode OFF on input line 6399.
LaTeX Info: Redefining \ref on input line 6439.
LaTeX Info: Redefining \pageref on input line 6443.
\Hy@abspage=\count92
\c@Item=\count93
\c@Hfootnote=\count94
)
Package hyperref Info: Driver (autodetected): hpdftex.

(/usr/share/texlive/texmf-dist/tex/latex/hyperref/hpdftex.def
File: hpdftex.def 2018/02/06 v6.86b Hyperref driver for pdfTeX
\Fld@listcount=\count95
\c@bookmark@seq@number=\count96

(/usr/share/texlive/texmf-dist/tex/latex/oberdiek/rerunfilecheck.sty
Package: rerunfilecheck 2016/05/16 v1.8 Rerun checks for auxiliary files (HO)
Package uniquecounter Info: New unique counter `rerunfilecheck' on input line 2
82.
)
\Hy@SectionHShift=\skip46
)
(/usr/share/texlive/texmf-dist/tex/generic/babel/babel.sty
Package: babel 2018/02/14 3.18 The Babel package

(/usr/share/texlive/texmf-dist/tex/generic/babel/switch.def
File: switch.def 2018/02/14 3.18 Babel switching mechanism
)
(/usr/share/texlive/texmf-dist/tex/generic/babel-spanish/spanish.ldf
Language: spanish.ldf 2016/03/03 v5.0p Spanish support from the babel system

(/usr/share/texlive/texmf-dist/tex/generic/babel/babel.def
File: babel.def 2018/02/14 3.18 Babel common definitions
\babel@savecnt=\count97
\U@D=\dimen109

(/usr/share/texlive/texmf-dist/tex/generic/babel/txtbabel.def)
\bbl@dirlevel=\count98
)
\es@quottoks=\toks17
\es@quotdepth=\count99
Package babel Info: Making " an active character on input line 561.
Package babel Info: Making . an active character on input line 662.
Package babel Info: Making < an active character on input line 707.
Package babel Info: Making > an active character on input line 707.
))
   defining Unicode char U+301 (decimal 769)
   defining Unicode char U+202F (decimal 8239)

(./Memoria.aux
LaTeX Info: Redefining \. on input line 23.
LaTeX Info: Redefining \% on input line 23.
)
\openout1 = `Memoria.aux'.

LaTeX Font Info:    Checking defaults for OML/cmm/m/it on input line 21.
LaTeX Font Info:    ... okay on input line 21.
LaTeX Font Info:    Checking defaults for T1/cmr/m/n on input line 21.
LaTeX Font Info:    ... okay on input line 21.
LaTeX Font Info:    Checking defaults for OT1/cmr/m/n on input line 21.
LaTeX Font Info:    ... okay on input line 21.
LaTeX Font Info:    Checking defaults for OMS/cmsy/m/n on input line 21.
LaTeX Font Info:    ... okay on input line 21.
LaTeX Font Info:    Checking defaults for OMX/cmex/m/n on input line 21.
LaTeX Font Info:    ... okay on input line 21.
LaTeX Font Info:    Checking defaults for U/cmr/m/n on input line 21.
LaTeX Font Info:    ... okay on input line 21.
LaTeX Font Info:    Checking defaults for PD1/pdf/m/n on input line 21.
LaTeX Font Info:    ... okay on input line 21.

(/usr/share/texlive/texmf-dist/tex/context/base/mkii/supp-pdf.mkii
[Loading MPS to PDF converter (version 2006.09.02).]
\scratchcounter=\count100
\scratchdimen=\dimen110
\scratchbox=\box26
\nofMPsegments=\count101
\nofMParguments=\count102
\everyMPshowfont=\toks18
\MPscratchCnt=\count103
\MPscratchDim=\dimen111
\MPnumerator=\count104
\makeMPintoPDFobject=\count105
\everyMPtoPDFconversion=\toks19
) (/usr/share/texlive/texmf-dist/tex/latex/oberdiek/epstopdf-base.sty
Package: epstopdf-base 2016/05/15 v2.6 Base part for package epstopdf

(/usr/share/texlive/texmf-dist/tex/latex/oberdiek/grfext.sty
Package: grfext 2016/05/16 v1.2 Manage graphics extensions (HO)
)
Package epstopdf-base Info: Redefining graphics rule for `.eps' on input line 4
38.
Package grfext Info: Graphics extension search list:
(grfext)             [.pdf,.png,.jpg,.mps,.jpeg,.jbig2,.jb2,.PDF,.PNG,.JPG,.JPE
G,.JBIG2,.JB2,.eps]
(grfext)             \AppendGraphicsExtensions on input line 456.

(/usr/share/texlive/texmf-dist/tex/latex/latexconfig/epstopdf-sys.cfg
File: epstopdf-sys.cfg 2010/07/13 v1.3 Configuration of (r)epstopdf for TeX Liv
e
))
\AtBeginShipoutBox=\box27
Package hyperref Info: Link coloring ON on input line 21.

(/usr/share/texlive/texmf-dist/tex/latex/hyperref/nameref.sty
Package: nameref 2016/05/21 v2.44 Cross-referencing by name of section

(/usr/share/texlive/texmf-dist/tex/generic/oberdiek/gettitlestring.sty
Package: gettitlestring 2016/05/16 v1.5 Cleanup title references (HO)
)
\c@section@level=\count106
)
LaTeX Info: Redefining \ref on input line 21.
LaTeX Info: Redefining \pageref on input line 21.
LaTeX Info: Redefining \nameref on input line 21.

(./Memoria.out) (./Memoria.out)
\@outlinefile=\write3
\openout3 = `Memoria.out'.

LaTeX Info: Redefining \. on input line 21.
LaTeX Info: Redefining \% on input line 21.
LaTeX Font Info:    External font `cmex10' loaded for size
(Font)              <12> on input line 27.
LaTeX Font Info:    External font `cmex10' loaded for size
(Font)              <8> on input line 27.
LaTeX Font Info:    External font `cmex10' loaded for size
(Font)              <6> on input line 27.
<imagenes/gestioncomercial.jpg, id=84, 790.955pt x 526.96875pt>
File: imagenes/gestioncomercial.jpg Graphic file (type jpg)
<use imagenes/gestioncomercial.jpg>
Package pdftex.def Info: imagenes/gestioncomercial.jpg  used on input line 29.
(pdftex.def)             Requested size: 395.47653pt x 263.48372pt.

Overfull \hbox (50.47653pt too wide) in paragraph at lines 29--30
 [] 
 []

[1

{/var/lib/texmf/fonts/map/pdftex/updmap/pdftex.map} <./imagenes/gestioncomercia
l.jpg>] (./Memoria.toc
LaTeX Info: Redefining \. on input line 1.
LaTeX Info: Redefining \% on input line 1.
LaTeX Font Info:    External font `cmex10' loaded for size
(Font)              <7> on input line 4.
LaTeX Font Info:    External font `cmex10' loaded for size
(Font)              <5> on input line 4.
)
\tf@toc=\write4
\openout4 = `Memoria.toc'.

pdfTeX warning (ext4): destination with the same identifier (name{page.1}) has 
been already used, duplicate ignored
<to be read again> 
                   \relax 
l.38 \newpage
              [1] [2]
<imagenes/sage50.jpg, id=122, 562.36992pt x 327.34059pt>
File: imagenes/sage50.jpg Graphic file (type jpg)
<use imagenes/sage50.jpg>
Package pdftex.def Info: imagenes/sage50.jpg  used on input line 104.
(pdftex.def)             Requested size: 281.18427pt x 163.66989pt.
<imagenes/sage50_2.jpg, id=123, 549.00908pt x 270.25336pt>
File: imagenes/sage50_2.jpg Graphic file (type jpg)
<use imagenes/sage50_2.jpg>
Package pdftex.def Info: imagenes/sage50_2.jpg  used on input line 108.
(pdftex.def)             Requested size: 411.7558pt x 202.68951pt.

Overfull \hbox (66.7558pt too wide) in paragraph at lines 108--109
[]  
 []

[3 <./imagenes/sage50.jpg>]
<imagenes/Sage50.jpg, id=128, 603.05975pt x 219.23924pt>
File: imagenes/Sage50.jpg Graphic file (type jpg)
<use imagenes/Sage50.jpg>
Package pdftex.def Info: imagenes/Sage50.jpg  used on input line 139.
(pdftex.def)             Requested size: 361.83864pt x 131.54454pt.

Overfull \hbox (16.83864pt too wide) in paragraph at lines 139--140
[]  
 []

[4 <./imagenes/sage50_2.jpg>]
Overfull \hbox (8.83406pt too wide) in paragraph at lines 144--145
[]\OT1/cmr/m/n/10 ZFacturaes uno de pro-gra-mas de fac-tu-ra-ci^^Sonespecializa
do pa-ra py-mes, aut^^Sono-
 []

<imagenes/ZFactura.jpg, id=135, 543.02875pt x 365.365pt>
File: imagenes/ZFactura.jpg Graphic file (type jpg)
<use imagenes/ZFactura.jpg>
Package pdftex.def Info: imagenes/ZFactura.jpg  used on input line 163.
(pdftex.def)             Requested size: 325.81975pt x 219.22069pt.
[5 <./imagenes/Sage50.jpg>]
Overfull \hbox (18.38904pt too wide) in paragraph at lines 173--174
[]\OT1/cmr/bx/n/10 Facturaci^^Son: \OT1/cmr/m/n/10 Fac-tu-ras pro-for-ma, de ve
n-ta, rec-ti-fi-ca-ti-vas, pe-ri^^Sodi-cas, electr^^Soni-
 []

[6 <./imagenes/ZFactura.jpg>]
LaTeX Font Info:    Try loading font information for OMS+cmr on input line 190.


(/usr/share/texlive/texmf-dist/tex/latex/base/omscmr.fd
File: omscmr.fd 2014/09/29 v2.5h Standard LaTeX font definitions
)
LaTeX Font Info:    Font shape `OMS/cmr/m/n' in size <10> not available
(Font)              Font shape `OMS/cmsy/m/n' tried instead on input line 190.
<imagenes/EvaluacionZFactura.jpg, id=148, 580.1675pt x 439.6425pt>
File: imagenes/EvaluacionZFactura.jpg Graphic file (type jpg)
<use imagenes/EvaluacionZFactura.jpg>
Package pdftex.def Info: imagenes/EvaluacionZFactura.jpg  used on input line 20
1.
(pdftex.def)             Requested size: 348.10316pt x 263.78752pt.

Overfull \hbox (3.10316pt too wide) in paragraph at lines 201--202
[]  
 []

[7 <./imagenes/EvaluacionZFactura.jpg>]
<imagenes/Odoo1.png, id=156, 1187.43625pt x 551.05875pt>
File: imagenes/Odoo1.png Graphic file (type png)
<use imagenes/Odoo1.png>
Package pdftex.def Info: imagenes/Odoo1.png  used on input line 238.
(pdftex.def)             Requested size: 296.85834pt x 137.76434pt.
<imagenes/Odoo2.png, id=157, 1175.39125pt x 547.04375pt>
File: imagenes/Odoo2.png Graphic file (type png)
<use imagenes/Odoo2.png>
Package pdftex.def Info: imagenes/Odoo2.png  used on input line 239.
(pdftex.def)             Requested size: 293.84709pt x 136.76059pt.
<imagenes/Odoo3.png, id=158, 1163.34625pt x 539.01375pt>
File: imagenes/Odoo3.png Graphic file (type png)
<use imagenes/Odoo3.png>
Package pdftex.def Info: imagenes/Odoo3.png  used on input line 240.
(pdftex.def)             Requested size: 290.83585pt x 134.7531pt.
<imagenes/Odoo4.png, id=159, 1180.41pt x 478.78876pt>
File: imagenes/Odoo4.png Graphic file (type png)
<use imagenes/Odoo4.png>
Package pdftex.def Info: imagenes/Odoo4.png  used on input line 241.
(pdftex.def)             Requested size: 295.10178pt x 119.69688pt.
<imagenes/EvOdoo.png, id=160, 572.1375pt x 296.10625pt>
File: imagenes/EvOdoo.png Graphic file (type png)
<use imagenes/EvOdoo.png>
Package pdftex.def Info: imagenes/EvOdoo.png  used on input line 242.
(pdftex.def)             Requested size: 343.28514pt x 177.66512pt.
 [8] [9 <./imagenes/Odoo1.png> <./imagenes/Odoo2.png> <./imagenes/Odoo3.png> <.
/imagenes/Odoo4.png>]
<imagenes/Gespymes1.jpg, id=172, 1284.8pt x 801.99625pt>
File: imagenes/Gespymes1.jpg Graphic file (type jpg)
<use imagenes/Gespymes1.jpg>
Package pdftex.def Info: imagenes/Gespymes1.jpg  used on input line 252.
(pdftex.def)             Requested size: 321.19922pt x 200.49857pt.
<imagenes/Gespymes2.jpg, id=173, 424.33762pt x 186.31073pt>
File: imagenes/Gespymes2.jpg Graphic file (type jpg)
<use imagenes/Gespymes2.jpg>
Package pdftex.def Info: imagenes/Gespymes2.jpg  used on input line 261.
(pdftex.def)             Requested size: 339.47055pt x 149.04877pt.

Overfull \hbox (19.47058pt too wide) in paragraph at lines 261--262
[]  
 []

[10 <./imagenes/EvOdoo.png> <./imagenes/Gespymes1.jpg>]
<imagenes/gespymes3.jpg, id=179, 368.6433pt x 204.54399pt>
File: imagenes/gespymes3.jpg Graphic file (type jpg)
<use imagenes/gespymes3.jpg>
Package pdftex.def Info: imagenes/gespymes3.jpg  used on input line 266.
(pdftex.def)             Requested size: 294.91504pt x 163.63539pt.
<imagenes/gespymes.jpg, id=180, 994.68387pt x 440.61388pt>
File: imagenes/gespymes.jpg Graphic file (type jpg)
<use imagenes/gespymes.jpg>
Package pdftex.def Info: imagenes/gespymes.jpg  used on input line 270.
(pdftex.def)             Requested size: 397.8665pt x 176.24242pt.

Overfull \hbox (77.86653pt too wide) in paragraph at lines 270--271
[]  
 []

[11 <./imagenes/Gespymes2.jpg> <./imagenes/gespymes3.jpg>]
<imagenes/gespymes2.jpg, id=185, 994.68387pt x 438.28258pt>
File: imagenes/gespymes2.jpg Graphic file (type jpg)
<use imagenes/gespymes2.jpg>
Package pdftex.def Info: imagenes/gespymes2.jpg  used on input line 275.
(pdftex.def)             Requested size: 397.8665pt x 175.30992pt.

Overfull \hbox (77.86653pt too wide) in paragraph at lines 275--276
[]  
 []

[12 <./imagenes/gespymes.jpg> <./imagenes/gespymes2.jpg>]
<imagenes/GespymesEv.png, id=192, 573.14125pt x 408.52625pt>
File: imagenes/GespymesEv.png Graphic file (type png)
<use imagenes/GespymesEv.png>
Package pdftex.def Info: imagenes/GespymesEv.png  used on input line 303.
(pdftex.def)             Requested size: 343.8874pt x 245.11765pt.
 [13 <./imagenes/GespymesEv.png>]
<imagenes/CapturasoftwareSaaS1o.png, id=200, 852.93657pt x 197.98969pt>
File: imagenes/CapturasoftwareSaaS1o.png Graphic file (type png)
<use imagenes/CapturasoftwareSaaS1o.png>
Package pdftex.def Info: imagenes/CapturasoftwareSaaS1o.png  used on input line
 332.
(pdftex.def)             Requested size: 341.16858pt x 79.19446pt.
<imagenes/CapturasoftwareSaaS1p.png, id=201, 852.93657pt x 202.50656pt>
File: imagenes/CapturasoftwareSaaS1p.png Graphic file (type png)
<use imagenes/CapturasoftwareSaaS1p.png>
Package pdftex.def Info: imagenes/CapturasoftwareSaaS1p.png  used on input line
 333.
(pdftex.def)             Requested size: 341.16858pt x 81.00117pt.
<imagenes/CapturasoftwareSaaS1q.png, id=202, 851.43094pt x 204.01219pt>
File: imagenes/CapturasoftwareSaaS1q.png Graphic file (type png)
<use imagenes/CapturasoftwareSaaS1q.png>
Package pdftex.def Info: imagenes/CapturasoftwareSaaS1q.png  used on input line
 334.
(pdftex.def)             Requested size: 340.56635pt x 81.60342pt.
<imagenes/CapturasoftwareSaaS1r.png, id=203, 852.93657pt x 199.49532pt>
File: imagenes/CapturasoftwareSaaS1r.png Graphic file (type png)
<use imagenes/CapturasoftwareSaaS1r.png>
Package pdftex.def Info: imagenes/CapturasoftwareSaaS1r.png  used on input line
 335.
(pdftex.def)             Requested size: 341.16858pt x 79.7967pt.
<imagenes/CapturasoftwareSaaS1s.png, id=204, 857.45343pt x 205.5178pt>
File: imagenes/CapturasoftwareSaaS1s.png Graphic file (type png)
<use imagenes/CapturasoftwareSaaS1s.png>
Package pdftex.def Info: imagenes/CapturasoftwareSaaS1s.png  used on input line
 336.
(pdftex.def)             Requested size: 342.9753pt x 82.20566pt.
<imagenes/CapturasoftwareSaaS1t.png, id=205, 852.93657pt x 208.52907pt>
File: imagenes/CapturasoftwareSaaS1t.png Graphic file (type png)
<use imagenes/CapturasoftwareSaaS1t.png>
Package pdftex.def Info: imagenes/CapturasoftwareSaaS1t.png  used on input line
 337.
(pdftex.def)             Requested size: 341.16858pt x 83.41014pt.
<imagenes/CapturasoftwareSaaS1u.png, id=206, 852.93657pt x 211.54031pt>
File: imagenes/CapturasoftwareSaaS1u.png Graphic file (type png)
<use imagenes/CapturasoftwareSaaS1u.png>
Package pdftex.def Info: imagenes/CapturasoftwareSaaS1u.png  used on input line
 338.
(pdftex.def)             Requested size: 341.16858pt x 84.61461pt.

Overfull \hbox (21.16861pt too wide) in paragraph at lines 332--339
[] 
 []


Overfull \hbox (21.16861pt too wide) in paragraph at lines 332--339
[] 
 []


Overfull \hbox (20.56638pt too wide) in paragraph at lines 332--339
[] 
 []


Overfull \hbox (21.16861pt too wide) in paragraph at lines 332--339
[] 
 []


Overfull \hbox (22.97533pt too wide) in paragraph at lines 332--339
[] 
 []


Overfull \hbox (21.16861pt too wide) in paragraph at lines 332--339
[] 
 []


Overfull \hbox (21.16861pt too wide) in paragraph at lines 332--339
[]  
 []

[14] [15 <./imagenes/CapturasoftwareSaaS1o.png> <./imagenes/CapturasoftwareSaaS
1p.png> <./imagenes/CapturasoftwareSaaS1q.png> <./imagenes/CapturasoftwareSaaS1
r.png> <./imagenes/CapturasoftwareSaaS1s.png> <./imagenes/CapturasoftwareSaaS1t
.png>]
<imagenes/CapturasoftwareSaaS1a.png, id=216, 559.33969pt x 400.49625pt>
File: imagenes/CapturasoftwareSaaS1a.png Graphic file (type png)
<use imagenes/CapturasoftwareSaaS1a.png>
Package pdftex.def Info: imagenes/CapturasoftwareSaaS1a.png  used on input line
 344.
(pdftex.def)             Requested size: 363.56648pt x 260.31947pt.
<imagenes/CapturasoftwareSaaS1b.png, id=218, 564.60938pt x 398.23781pt>
File: imagenes/CapturasoftwareSaaS1b.png Graphic file (type png)
<use imagenes/CapturasoftwareSaaS1b.png>
Package pdftex.def Info: imagenes/CapturasoftwareSaaS1b.png  used on input line
 345.
(pdftex.def)             Requested size: 366.99174pt x 258.8515pt.
<imagenes/CapturasoftwareSaaS1c.png, id=219, 554.07pt x 400.49625pt>
File: imagenes/CapturasoftwareSaaS1c.png Graphic file (type png)
<use imagenes/CapturasoftwareSaaS1c.png>
Package pdftex.def Info: imagenes/CapturasoftwareSaaS1c.png  used on input line
 346.
(pdftex.def)             Requested size: 360.14124pt x 260.31947pt.
<imagenes/CapturasoftwareSaaS1d.png, id=220, 557.08125pt x 404.26031pt>
File: imagenes/CapturasoftwareSaaS1d.png Graphic file (type png)
<use imagenes/CapturasoftwareSaaS1d.png>
Package pdftex.def Info: imagenes/CapturasoftwareSaaS1d.png  used on input line
 347.
(pdftex.def)             Requested size: 362.09853pt x 262.76608pt.
<imagenes/CapturasoftwareSaaS1e.png, id=221, 551.81157pt x 402.00188pt>
File: imagenes/CapturasoftwareSaaS1e.png Graphic file (type png)
<use imagenes/CapturasoftwareSaaS1e.png>
Package pdftex.def Info: imagenes/CapturasoftwareSaaS1e.png  used on input line
 348.
(pdftex.def)             Requested size: 358.67328pt x 261.29811pt.
<imagenes/CapturasoftwareSaaS1f.png, id=222, 548.80031pt x 402.75468pt>
File: imagenes/CapturasoftwareSaaS1f.png Graphic file (type png)
<use imagenes/CapturasoftwareSaaS1f.png>
Package pdftex.def Info: imagenes/CapturasoftwareSaaS1f.png  used on input line
 349.
(pdftex.def)             Requested size: 356.71596pt x 261.78743pt.
<imagenes/CapturasoftwareSaaS1g.png, id=223, 556.32843pt x 404.26031pt>
File: imagenes/CapturasoftwareSaaS1g.png Graphic file (type png)
<use imagenes/CapturasoftwareSaaS1g.png>
Package pdftex.def Info: imagenes/CapturasoftwareSaaS1g.png  used on input line
 350.
(pdftex.def)             Requested size: 361.60919pt x 262.76608pt.
<imagenes/CapturasoftwareSaaS1h.png, id=224, 555.57562pt x 401.24907pt>
File: imagenes/CapturasoftwareSaaS1h.png Graphic file (type png)
<use imagenes/CapturasoftwareSaaS1h.png>
Package pdftex.def Info: imagenes/CapturasoftwareSaaS1h.png  used on input line
 351.
(pdftex.def)             Requested size: 361.11986pt x 260.80879pt.
<imagenes/CapturasoftwareSaaS1i.png, id=225, 545.78906pt x 402.00188pt>
File: imagenes/CapturasoftwareSaaS1i.png Graphic file (type png)
<use imagenes/CapturasoftwareSaaS1i.png>
Package pdftex.def Info: imagenes/CapturasoftwareSaaS1i.png  used on input line
 352.
(pdftex.def)             Requested size: 354.75868pt x 261.29811pt.
<imagenes/CapturasoftwareSaaS1j.png, id=226, 543.53062pt x 395.97937pt>
File: imagenes/CapturasoftwareSaaS1j.png Graphic file (type png)
<use imagenes/CapturasoftwareSaaS1j.png>
Package pdftex.def Info: imagenes/CapturasoftwareSaaS1j.png  used on input line
 353.
(pdftex.def)             Requested size: 353.29071pt x 257.38354pt.
<imagenes/CapturasoftwareSaaS1k.png, id=227, 547.2947pt x 401.24907pt>
File: imagenes/CapturasoftwareSaaS1k.png Graphic file (type png)
<use imagenes/CapturasoftwareSaaS1k.png>
Package pdftex.def Info: imagenes/CapturasoftwareSaaS1k.png  used on input line
 354.
(pdftex.def)             Requested size: 355.73734pt x 260.80879pt.
<imagenes/CapturasoftwareSaaS1l.png, id=228, 553.31718pt x 405.01312pt>
File: imagenes/CapturasoftwareSaaS1l.png Graphic file (type png)
<use imagenes/CapturasoftwareSaaS1l.png>
Package pdftex.def Info: imagenes/CapturasoftwareSaaS1l.png  used on input line
 355.
(pdftex.def)             Requested size: 359.6519pt x 263.2554pt.
<imagenes/CapturasoftwareSaaS1m.png, id=229, 556.32843pt x 402.75468pt>
File: imagenes/CapturasoftwareSaaS1m.png Graphic file (type png)
<use imagenes/CapturasoftwareSaaS1m.png>
Package pdftex.def Info: imagenes/CapturasoftwareSaaS1m.png  used on input line
 356.
(pdftex.def)             Requested size: 361.60919pt x 261.78743pt.
<imagenes/CapturasoftwareSaaS1n.png, id=230, 558.58687pt x 403.5075pt>
File: imagenes/CapturasoftwareSaaS1n.png Graphic file (type png)
<use imagenes/CapturasoftwareSaaS1n.png>
Package pdftex.def Info: imagenes/CapturasoftwareSaaS1n.png  used on input line
 357.
(pdftex.def)             Requested size: 363.07716pt x 262.27676pt.

Overfull \hbox (43.56651pt too wide) in paragraph at lines 344--358
[] 
 []


Overfull \hbox (46.99178pt too wide) in paragraph at lines 344--358
[] 
 []


Overfull \hbox (40.14127pt too wide) in paragraph at lines 344--358
[] 
 []


Overfull \hbox (42.09856pt too wide) in paragraph at lines 344--358
[] 
 []


Overfull \hbox (38.67331pt too wide) in paragraph at lines 344--358
[] 
 []


Overfull \hbox (36.71599pt too wide) in paragraph at lines 344--358
[] 
 []


Overfull \hbox (41.60922pt too wide) in paragraph at lines 344--358
[] 
 []


Overfull \hbox (41.11989pt too wide) in paragraph at lines 344--358
[] 
 []


Overfull \hbox (34.75871pt too wide) in paragraph at lines 344--358
[] 
 []


Overfull \hbox (33.29074pt too wide) in paragraph at lines 344--358
[] 
 []


Overfull \hbox (35.73737pt too wide) in paragraph at lines 344--358
[] 
 []


Overfull \hbox (39.65193pt too wide) in paragraph at lines 344--358
[] 
 []


Overfull \hbox (41.60922pt too wide) in paragraph at lines 344--358
[] 
 []


Overfull \hbox (43.0772pt too wide) in paragraph at lines 344--358
[]  
 []

[16 <./imagenes/CapturasoftwareSaaS1u.png> <./imagenes/CapturasoftwareSaaS1a.pn
g>] [17 <./imagenes/CapturasoftwareSaaS1b.png> <./imagenes/CapturasoftwareSaaS1
c.png>] [18 <./imagenes/CapturasoftwareSaaS1d.png> <./imagenes/CapturasoftwareS
aaS1e.png>] [19 <./imagenes/CapturasoftwareSaaS1f.png> <./imagenes/Capturasoftw
areSaaS1g.png>] [20 <./imagenes/CapturasoftwareSaaS1h.png> <./imagenes/Capturas
oftwareSaaS1i.png>] [21 <./imagenes/CapturasoftwareSaaS1j.png> <./imagenes/Capt
urasoftwareSaaS1k.png>] [22 <./imagenes/CapturasoftwareSaaS1l.png> <./imagenes/
CapturasoftwareSaaS1m.png>]
<imagenes/Galdon1.jpg, id=273, 347.79938pt x 335.00156pt>
File: imagenes/Galdon1.jpg Graphic file (type jpg)
<use imagenes/Galdon1.jpg>
Package pdftex.def Info: imagenes/Galdon1.jpg  used on input line 370.
(pdftex.def)             Requested size: 278.23987pt x 268.0016pt.
<imagenes/Galdon2.jpg, id=274, 359.84438pt x 278.54062pt>
File: imagenes/Galdon2.jpg Graphic file (type jpg)
<use imagenes/Galdon2.jpg>
Package pdftex.def Info: imagenes/Galdon2.jpg  used on input line 371.
(pdftex.def)             Requested size: 287.87589pt x 222.8328pt.
<imagenes/Galdon3.jpg, id=275, 355.3275pt x 240.9pt>
File: imagenes/Galdon3.jpg Graphic file (type jpg)
<use imagenes/Galdon3.jpg>
Package pdftex.def Info: imagenes/Galdon3.jpg  used on input line 372.
(pdftex.def)             Requested size: 284.26237pt x 192.72025pt.
 [23 <./imagenes/CapturasoftwareSaaS1n.png>]
[24 <./imagenes/Galdon1.jpg> <./imagenes/Galdon2.jpg>]
<imagenes/repcamp.jpg, id=287, 497.86pt x 311.1625pt>
File: imagenes/repcamp.jpg Graphic file (type jpg)
<use imagenes/repcamp.jpg>
Package pdftex.def Info: imagenes/repcamp.jpg  used on input line 386.
(pdftex.def)             Requested size: 373.39407pt x 233.3713pt.

Overfull \hbox (28.39407pt too wide) in paragraph at lines 386--387
[]  
 []

[25 <./imagenes/Galdon3.jpg>] [26 <./imagenes/repcamp.jpg>]
<imagenes/Repcamp.jpg, id=298, 601.23781pt x 218.02463pt>
File: imagenes/Repcamp.jpg Graphic file (type jpg)
<use imagenes/Repcamp.jpg>
Package pdftex.def Info: imagenes/Repcamp.jpg  used on input line 417.
(pdftex.def)             Requested size: 450.92725pt x 163.51805pt.

Overfull \hbox (105.92725pt too wide) in paragraph at lines 417--418
[]  
 []


Underfull \hbox (badness 10000) in paragraph at lines 426--427
[]\OT1/cmr/m/it/10 50 Sa-ge Cloud\OT1/cmr/m/n/10 , [][]$\OT1/cmtt/m/n/10 https 
: / / www . sage . com / es-[]es / productos /
 []


Underfull \hbox (badness 10000) in paragraph at lines 427--428
[]\OT1/cmr/m/it/10 Casos de ^^Sexi-to 50 Sa-ge\OT1/cmr/m/n/10 , [][]$\OT1/cmtt/
m/n/10 http : / / partnews . sage . es / 2018 / 01 /
 []


Underfull \hbox (badness 10000) in paragraph at lines 428--429
[]\OT1/cmr/m/it/10 TPV 50 Sa-ge\OT1/cmr/m/n/10 , [][]$\OT1/cmtt/m/n/10 http : /
 / www . alcatic . com / sage-[]50-[]cloud /
 []


Underfull \hbox (badness 10000) in paragraph at lines 430--431
[]\OT1/cmr/m/it/10 Definici^^Son ERP\OT1/cmr/m/n/10 , [][]$\OT1/cmtt/m/n/10 htt
ps : / / www . galdon . com /
 []


Underfull \hbox (badness 10000) in paragraph at lines 434--435
[]\OT1/cmr/m/it/10 TPV en Rep-Camp\OT1/cmr/m/n/10 , [][]$\OT1/cmtt/m/n/10 http 
: / / www . kriter . net /
 []

[27 <./imagenes/Repcamp.jpg>]
Underfull \hbox (badness 10000) in paragraph at lines 438--439
[]\OT1/cmr/m/it/10 Facturaci^^Son ZFac-tu-ra\OT1/cmr/m/n/10 , [][]$\OT1/cmtt/m/
n/10 https : / / www . ziclope . net /
 []


Underfull \hbox (badness 10000) in paragraph at lines 439--440
[]\OT1/cmr/m/it/10 Videotutoriales ZFac-tu-ra\OT1/cmr/m/n/10 , [][]$\OT1/cmtt/m
/n/10 https : / / www . ziclope . net /
 []


Underfull \hbox (badness 10000) in paragraph at lines 440--441
[]\OT1/cmr/m/it/10 Facturas ZFac-tu-ra\OT1/cmr/m/n/10 , [][]$\OT1/cmtt/m/n/10 h
ttps : / / www . modelofactura . net / programas /
 []


Underfull \hbox (badness 10000) in paragraph at lines 442--443
[]\OT1/cmr/m/it/10 Demos Gespy-mes\OT1/cmr/m/n/10 , [][]$\OT1/cmtt/m/n/10 https
 : / / app . gespymes . es / licencias / demo _
 []

Package atveryend Info: Empty hook `BeforeClearDocument' on input line 448.
[28]
Package atveryend Info: Empty hook `AfterLastShipout' on input line 448.
 (./Memoria.aux
LaTeX Info: Redefining \. on input line 23.
LaTeX Info: Redefining \% on input line 23.
)
Package atveryend Info: Executing hook `AtVeryEndDocument' on input line 448.
Package atveryend Info: Executing hook `AtEndAfterFileList' on input line 448.
Package rerunfilecheck Info: File `Memoria.out' has not changed.
(rerunfilecheck)             Checksum: 425D1D49390AF3B2E5F64AD81217B918;1341.
Package atveryend Info: Empty hook `AtVeryVeryEnd' on input line 448.
 ) 
Here is how much of TeX's memory you used:
 7051 strings out of 492982
 102452 string characters out of 6134895
 194785 words of memory out of 5000000
 10428 multiletter control sequences out of 15000+600000
 8409 words of font info for 30 fonts, out of 8000000 for 9000
 1141 hyphenation exceptions out of 8191
 28i,7n,35p,694b,465s stack positions out of 5000i,500n,10000p,200000b,80000s
</usr/share/texlive/texmf-dist/fonts/type1/public/amsfonts/cm/cmbx10.pfb></us
r/share/texlive/texmf-dist/fonts/type1/public/amsfonts/cm/cmbx12.pfb></usr/shar
e/texlive/texmf-dist/fonts/type1/public/amsfonts/cm/cmr10.pfb></usr/share/texli
ve/texmf-dist/fonts/type1/public/amsfonts/cm/cmr12.pfb></usr/share/texlive/texm
f-dist/fonts/type1/public/amsfonts/cm/cmr17.pfb></usr/share/texlive/texmf-dist/
fonts/type1/public/amsfonts/cm/cmr7.pfb></usr/share/texlive/texmf-dist/fonts/ty
pe1/public/amsfonts/cm/cmsy10.pfb></usr/share/texlive/texmf-dist/fonts/type1/pu
blic/amsfonts/cm/cmti10.pfb></usr/share/texlive/texmf-dist/fonts/type1/public/a
msfonts/cm/cmtt10.pfb>
Output written on Memoria.pdf (29 pages, 4674533 bytes).
PDF statistics:
 409 PDF objects out of 1000 (max. 8388607)
 308 compressed objects within 4 object streams
 85 named destinations out of 1000 (max. 500000)
 376 words of extra memory for PDF output out of 10000 (max. 10000000)

