\BOOKMARK [1][-]{Doc-Start}{\315ndice general}{}% 1
\BOOKMARK [1][-]{section.1}{Plan de Trabajo}{}% 2
\BOOKMARK [2][-]{subsection.1.1}{Tareas}{section.1}% 3
\BOOKMARK [2][-]{subsection.1.2}{Planificaci\363n temporal}{section.1}% 4
\BOOKMARK [1][-]{section.2}{Modelo de Calificaci\363n}{}% 5
\BOOKMARK [2][-]{subsection.2.1}{Criterios funcionales}{section.2}% 6
\BOOKMARK [2][-]{subsection.2.2}{Criterios no funcionales}{section.2}% 7
\BOOKMARK [2][-]{subsection.2.3}{Descripci\363n de la escala de ponderaci\363n}{section.2}% 8
\BOOKMARK [1][-]{section.3}{Descripci\363n y estudio de los softwares elegidos}{}% 9
\BOOKMARK [2][-]{subsection.3.1}{Softwares Propietarios}{section.3}% 10
\BOOKMARK [3][-]{subsubsection.3.1.1}{Sage 50 Cloud}{subsection.3.1}% 11
\BOOKMARK [3][-]{subsubsection.3.1.2}{ZFactura}{subsection.3.1}% 12
\BOOKMARK [2][-]{subsection.3.2}{Softwares Libres}{section.3}% 13
\BOOKMARK [3][-]{subsubsection.3.2.1}{Odoo}{subsection.3.2}% 14
\BOOKMARK [2][-]{subsection.3.3}{Softwares SaaS}{section.3}% 15
\BOOKMARK [3][-]{subsubsection.3.3.1}{GesPymes}{subsection.3.3}% 16
\BOOKMARK [3][-]{subsubsection.3.3.2}{Galdon}{subsection.3.3}% 17
\BOOKMARK [2][-]{subsection.3.4}{Softwares de Movilidad}{section.3}% 18
\BOOKMARK [3][-]{subsubsection.3.4.1}{RepCamp}{subsection.3.4}% 19
\BOOKMARK [1][-]{section.4}{Conclusiones}{}% 20
