\BOOKMARK [1][-]{Doc-Start}{\315ndice general}{}% 1
\BOOKMARK [1][-]{section.1}{Plan de Trabajo}{}% 2
\BOOKMARK [2][-]{subsection.1.1}{Tareas}{section.1}% 3
\BOOKMARK [1][-]{section.2}{Introducci\363n}{}% 4
\BOOKMARK [1][-]{section.3}{Funcionalidad de prestashop}{}% 5
\BOOKMARK [2][-]{subsection.3.1}{Dashboard}{section.3}% 6
\BOOKMARK [2][-]{subsection.3.2}{Pedidos}{section.3}% 7
\BOOKMARK [2][-]{subsection.3.3}{Cat\341logo}{section.3}% 8
\BOOKMARK [3][-]{subsubsection.3.3.1}{Categor\355as}{subsection.3.3}% 9
\BOOKMARK [3][-]{subsubsection.3.3.2}{Monitorizaci\363n}{subsection.3.3}% 10
\BOOKMARK [3][-]{subsubsection.3.3.3}{Atributos y caracter\355sticas}{subsection.3.3}% 11
\BOOKMARK [3][-]{subsubsection.3.3.4}{Marcas y proveedores}{subsection.3.3}% 12
\BOOKMARK [3][-]{subsubsection.3.3.5}{Descuentos}{subsection.3.3}% 13
\BOOKMARK [3][-]{subsubsection.3.3.6}{Stock}{subsection.3.3}% 14
\BOOKMARK [2][-]{subsection.3.4}{Clientes}{section.3}% 15
\BOOKMARK [3][-]{subsubsection.3.4.1}{Servicio al Cliente}{subsection.3.4}% 16
\BOOKMARK [3][-]{subsubsection.3.4.2}{Mensajes del pedido}{subsection.3.4}% 17
\BOOKMARK [3][-]{subsubsection.3.4.3}{Devoluciones}{subsection.3.4}% 18
\BOOKMARK [3][-]{subsubsection.3.4.4}{Estad\355sticas}{subsection.3.4}% 19
\BOOKMARK [2][-]{subsection.3.5}{M\363dulos}{section.3}% 20
\BOOKMARK [3][-]{subsubsection.3.5.1}{Dise\361o}{subsection.3.5}% 21
\BOOKMARK [3][-]{subsubsection.3.5.2}{Envio}{subsection.3.5}% 22
\BOOKMARK [3][-]{subsubsection.3.5.3}{Pagos}{subsection.3.5}% 23
\BOOKMARK [3][-]{subsubsection.3.5.4}{Internacional}{subsection.3.5}% 24
\BOOKMARK [3][-]{subsubsection.3.5.5}{Configuraci\363n}{subsection.3.5}% 25
\BOOKMARK [2][-]{subsection.3.6}{Creaci\363n de la tienda}{section.3}% 26
\BOOKMARK [1][-]{section.4}{Relaci\363n con la teor\355a}{}% 27
\BOOKMARK [2][-]{subsection.4.1}{Control de acceso y seguridad}{section.4}% 28
\BOOKMARK [2][-]{subsection.4.2}{Personalizaci\363n}{section.4}% 29
\BOOKMARK [2][-]{subsection.4.3}{Administraci\363n de las b\372squedas}{section.4}% 30
\BOOKMARK [2][-]{subsection.4.4}{Administraci\363n de contenidos}{section.4}% 31
\BOOKMARK [2][-]{subsection.4.5}{Administraci\363n de cat\341logos}{section.4}% 32
\BOOKMARK [2][-]{subsection.4.6}{Pago y Compra}{section.4}% 33
\BOOKMARK [2][-]{subsection.4.7}{Administraci\363n del flujo de trabajo}{section.4}% 34
\BOOKMARK [2][-]{subsection.4.8}{Notificaci\363n de eventos}{section.4}% 35
\BOOKMARK [2][-]{subsection.4.9}{Colaboraci\363n y negociaci\363n}{section.4}% 36
\BOOKMARK [1][-]{section.5}{Personalizaci\363n e integraci\363n}{}% 37
\BOOKMARK [2][-]{subsection.5.1}{Personalizaci\363n}{section.5}% 38
\BOOKMARK [2][-]{subsection.5.2}{Integraci\363n}{section.5}% 39
\BOOKMARK [1][-]{section.6}{Conclusiones}{}% 40
