This is pdfTeX, Version 3.14159265-2.6-1.40.18 (TeX Live 2017/Debian) (preloaded format=pdflatex 2018.10.12)  13 JAN 2019 22:33
entering extended mode
 restricted \write18 enabled.
 %&-line parsing enabled.
**Memoria.tex
(./Memoria.tex
LaTeX2e <2017-04-15>
Babel <3.18> and hyphenation patterns for 84 language(s) loaded.
(/usr/share/texlive/texmf-dist/tex/latex/base/article.cls
Document Class: article 2014/09/29 v1.4h Standard LaTeX document class
(/usr/share/texlive/texmf-dist/tex/latex/base/size10.clo
File: size10.clo 2014/09/29 v1.4h Standard LaTeX file (size option)
)
\c@part=\count79
\c@section=\count80
\c@subsection=\count81
\c@subsubsection=\count82
\c@paragraph=\count83
\c@subparagraph=\count84
\c@figure=\count85
\c@table=\count86
\abovecaptionskip=\skip41
\belowcaptionskip=\skip42
\bibindent=\dimen102
)
(/usr/share/texlive/texmf-dist/tex/latex/base/inputenc.sty
Package: inputenc 2015/03/17 v1.2c Input encoding file
\inpenc@prehook=\toks14
\inpenc@posthook=\toks15

(/usr/share/texlive/texmf-dist/tex/latex/base/utf8.def
File: utf8.def 2017/01/28 v1.1t UTF-8 support for inputenc
Now handling font encoding OML ...
... no UTF-8 mapping file for font encoding OML
Now handling font encoding T1 ...
... processing UTF-8 mapping file for font encoding T1

(/usr/share/texlive/texmf-dist/tex/latex/base/t1enc.dfu
File: t1enc.dfu 2017/01/28 v1.1t UTF-8 support for inputenc
   defining Unicode char U+00A0 (decimal 160)
   defining Unicode char U+00A1 (decimal 161)
   defining Unicode char U+00A3 (decimal 163)
   defining Unicode char U+00AB (decimal 171)
   defining Unicode char U+00AD (decimal 173)
   defining Unicode char U+00BB (decimal 187)
   defining Unicode char U+00BF (decimal 191)
   defining Unicode char U+00C0 (decimal 192)
   defining Unicode char U+00C1 (decimal 193)
   defining Unicode char U+00C2 (decimal 194)
   defining Unicode char U+00C3 (decimal 195)
   defining Unicode char U+00C4 (decimal 196)
   defining Unicode char U+00C5 (decimal 197)
   defining Unicode char U+00C6 (decimal 198)
   defining Unicode char U+00C7 (decimal 199)
   defining Unicode char U+00C8 (decimal 200)
   defining Unicode char U+00C9 (decimal 201)
   defining Unicode char U+00CA (decimal 202)
   defining Unicode char U+00CB (decimal 203)
   defining Unicode char U+00CC (decimal 204)
   defining Unicode char U+00CD (decimal 205)
   defining Unicode char U+00CE (decimal 206)
   defining Unicode char U+00CF (decimal 207)
   defining Unicode char U+00D0 (decimal 208)
   defining Unicode char U+00D1 (decimal 209)
   defining Unicode char U+00D2 (decimal 210)
   defining Unicode char U+00D3 (decimal 211)
   defining Unicode char U+00D4 (decimal 212)
   defining Unicode char U+00D5 (decimal 213)
   defining Unicode char U+00D6 (decimal 214)
   defining Unicode char U+00D8 (decimal 216)
   defining Unicode char U+00D9 (decimal 217)
   defining Unicode char U+00DA (decimal 218)
   defining Unicode char U+00DB (decimal 219)
   defining Unicode char U+00DC (decimal 220)
   defining Unicode char U+00DD (decimal 221)
   defining Unicode char U+00DE (decimal 222)
   defining Unicode char U+00DF (decimal 223)
   defining Unicode char U+00E0 (decimal 224)
   defining Unicode char U+00E1 (decimal 225)
   defining Unicode char U+00E2 (decimal 226)
   defining Unicode char U+00E3 (decimal 227)
   defining Unicode char U+00E4 (decimal 228)
   defining Unicode char U+00E5 (decimal 229)
   defining Unicode char U+00E6 (decimal 230)
   defining Unicode char U+00E7 (decimal 231)
   defining Unicode char U+00E8 (decimal 232)
   defining Unicode char U+00E9 (decimal 233)
   defining Unicode char U+00EA (decimal 234)
   defining Unicode char U+00EB (decimal 235)
   defining Unicode char U+00EC (decimal 236)
   defining Unicode char U+00ED (decimal 237)
   defining Unicode char U+00EE (decimal 238)
   defining Unicode char U+00EF (decimal 239)
   defining Unicode char U+00F0 (decimal 240)
   defining Unicode char U+00F1 (decimal 241)
   defining Unicode char U+00F2 (decimal 242)
   defining Unicode char U+00F3 (decimal 243)
   defining Unicode char U+00F4 (decimal 244)
   defining Unicode char U+00F5 (decimal 245)
   defining Unicode char U+00F6 (decimal 246)
   defining Unicode char U+00F8 (decimal 248)
   defining Unicode char U+00F9 (decimal 249)
   defining Unicode char U+00FA (decimal 250)
   defining Unicode char U+00FB (decimal 251)
   defining Unicode char U+00FC (decimal 252)
   defining Unicode char U+00FD (decimal 253)
   defining Unicode char U+00FE (decimal 254)
   defining Unicode char U+00FF (decimal 255)
   defining Unicode char U+0100 (decimal 256)
   defining Unicode char U+0101 (decimal 257)
   defining Unicode char U+0102 (decimal 258)
   defining Unicode char U+0103 (decimal 259)
   defining Unicode char U+0104 (decimal 260)
   defining Unicode char U+0105 (decimal 261)
   defining Unicode char U+0106 (decimal 262)
   defining Unicode char U+0107 (decimal 263)
   defining Unicode char U+0108 (decimal 264)
   defining Unicode char U+0109 (decimal 265)
   defining Unicode char U+010A (decimal 266)
   defining Unicode char U+010B (decimal 267)
   defining Unicode char U+010C (decimal 268)
   defining Unicode char U+010D (decimal 269)
   defining Unicode char U+010E (decimal 270)
   defining Unicode char U+010F (decimal 271)
   defining Unicode char U+0110 (decimal 272)
   defining Unicode char U+0111 (decimal 273)
   defining Unicode char U+0112 (decimal 274)
   defining Unicode char U+0113 (decimal 275)
   defining Unicode char U+0114 (decimal 276)
   defining Unicode char U+0115 (decimal 277)
   defining Unicode char U+0116 (decimal 278)
   defining Unicode char U+0117 (decimal 279)
   defining Unicode char U+0118 (decimal 280)
   defining Unicode char U+0119 (decimal 281)
   defining Unicode char U+011A (decimal 282)
   defining Unicode char U+011B (decimal 283)
   defining Unicode char U+011C (decimal 284)
   defining Unicode char U+011D (decimal 285)
   defining Unicode char U+011E (decimal 286)
   defining Unicode char U+011F (decimal 287)
   defining Unicode char U+0120 (decimal 288)
   defining Unicode char U+0121 (decimal 289)
   defining Unicode char U+0122 (decimal 290)
   defining Unicode char U+0123 (decimal 291)
   defining Unicode char U+0124 (decimal 292)
   defining Unicode char U+0125 (decimal 293)
   defining Unicode char U+0128 (decimal 296)
   defining Unicode char U+0129 (decimal 297)
   defining Unicode char U+012A (decimal 298)
   defining Unicode char U+012B (decimal 299)
   defining Unicode char U+012C (decimal 300)
   defining Unicode char U+012D (decimal 301)
   defining Unicode char U+012E (decimal 302)
   defining Unicode char U+012F (decimal 303)
   defining Unicode char U+0130 (decimal 304)
   defining Unicode char U+0131 (decimal 305)
   defining Unicode char U+0132 (decimal 306)
   defining Unicode char U+0133 (decimal 307)
   defining Unicode char U+0134 (decimal 308)
   defining Unicode char U+0135 (decimal 309)
   defining Unicode char U+0136 (decimal 310)
   defining Unicode char U+0137 (decimal 311)
   defining Unicode char U+0139 (decimal 313)
   defining Unicode char U+013A (decimal 314)
   defining Unicode char U+013B (decimal 315)
   defining Unicode char U+013C (decimal 316)
   defining Unicode char U+013D (decimal 317)
   defining Unicode char U+013E (decimal 318)
   defining Unicode char U+0141 (decimal 321)
   defining Unicode char U+0142 (decimal 322)
   defining Unicode char U+0143 (decimal 323)
   defining Unicode char U+0144 (decimal 324)
   defining Unicode char U+0145 (decimal 325)
   defining Unicode char U+0146 (decimal 326)
   defining Unicode char U+0147 (decimal 327)
   defining Unicode char U+0148 (decimal 328)
   defining Unicode char U+014A (decimal 330)
   defining Unicode char U+014B (decimal 331)
   defining Unicode char U+014C (decimal 332)
   defining Unicode char U+014D (decimal 333)
   defining Unicode char U+014E (decimal 334)
   defining Unicode char U+014F (decimal 335)
   defining Unicode char U+0150 (decimal 336)
   defining Unicode char U+0151 (decimal 337)
   defining Unicode char U+0152 (decimal 338)
   defining Unicode char U+0153 (decimal 339)
   defining Unicode char U+0154 (decimal 340)
   defining Unicode char U+0155 (decimal 341)
   defining Unicode char U+0156 (decimal 342)
   defining Unicode char U+0157 (decimal 343)
   defining Unicode char U+0158 (decimal 344)
   defining Unicode char U+0159 (decimal 345)
   defining Unicode char U+015A (decimal 346)
   defining Unicode char U+015B (decimal 347)
   defining Unicode char U+015C (decimal 348)
   defining Unicode char U+015D (decimal 349)
   defining Unicode char U+015E (decimal 350)
   defining Unicode char U+015F (decimal 351)
   defining Unicode char U+0160 (decimal 352)
   defining Unicode char U+0161 (decimal 353)
   defining Unicode char U+0162 (decimal 354)
   defining Unicode char U+0163 (decimal 355)
   defining Unicode char U+0164 (decimal 356)
   defining Unicode char U+0165 (decimal 357)
   defining Unicode char U+0168 (decimal 360)
   defining Unicode char U+0169 (decimal 361)
   defining Unicode char U+016A (decimal 362)
   defining Unicode char U+016B (decimal 363)
   defining Unicode char U+016C (decimal 364)
   defining Unicode char U+016D (decimal 365)
   defining Unicode char U+016E (decimal 366)
   defining Unicode char U+016F (decimal 367)
   defining Unicode char U+0170 (decimal 368)
   defining Unicode char U+0171 (decimal 369)
   defining Unicode char U+0172 (decimal 370)
   defining Unicode char U+0173 (decimal 371)
   defining Unicode char U+0174 (decimal 372)
   defining Unicode char U+0175 (decimal 373)
   defining Unicode char U+0176 (decimal 374)
   defining Unicode char U+0177 (decimal 375)
   defining Unicode char U+0178 (decimal 376)
   defining Unicode char U+0179 (decimal 377)
   defining Unicode char U+017A (decimal 378)
   defining Unicode char U+017B (decimal 379)
   defining Unicode char U+017C (decimal 380)
   defining Unicode char U+017D (decimal 381)
   defining Unicode char U+017E (decimal 382)
   defining Unicode char U+01CD (decimal 461)
   defining Unicode char U+01CE (decimal 462)
   defining Unicode char U+01CF (decimal 463)
   defining Unicode char U+01D0 (decimal 464)
   defining Unicode char U+01D1 (decimal 465)
   defining Unicode char U+01D2 (decimal 466)
   defining Unicode char U+01D3 (decimal 467)
   defining Unicode char U+01D4 (decimal 468)
   defining Unicode char U+01E2 (decimal 482)
   defining Unicode char U+01E3 (decimal 483)
   defining Unicode char U+01E6 (decimal 486)
   defining Unicode char U+01E7 (decimal 487)
   defining Unicode char U+01E8 (decimal 488)
   defining Unicode char U+01E9 (decimal 489)
   defining Unicode char U+01EA (decimal 490)
   defining Unicode char U+01EB (decimal 491)
   defining Unicode char U+01F0 (decimal 496)
   defining Unicode char U+01F4 (decimal 500)
   defining Unicode char U+01F5 (decimal 501)
   defining Unicode char U+0218 (decimal 536)
   defining Unicode char U+0219 (decimal 537)
   defining Unicode char U+021A (decimal 538)
   defining Unicode char U+021B (decimal 539)
   defining Unicode char U+0232 (decimal 562)
   defining Unicode char U+0233 (decimal 563)
   defining Unicode char U+1E02 (decimal 7682)
   defining Unicode char U+1E03 (decimal 7683)
   defining Unicode char U+200C (decimal 8204)
   defining Unicode char U+2010 (decimal 8208)
   defining Unicode char U+2011 (decimal 8209)
   defining Unicode char U+2012 (decimal 8210)
   defining Unicode char U+2013 (decimal 8211)
   defining Unicode char U+2014 (decimal 8212)
   defining Unicode char U+2015 (decimal 8213)
   defining Unicode char U+2018 (decimal 8216)
   defining Unicode char U+2019 (decimal 8217)
   defining Unicode char U+201A (decimal 8218)
   defining Unicode char U+201C (decimal 8220)
   defining Unicode char U+201D (decimal 8221)
   defining Unicode char U+201E (decimal 8222)
   defining Unicode char U+2030 (decimal 8240)
   defining Unicode char U+2031 (decimal 8241)
   defining Unicode char U+2039 (decimal 8249)
   defining Unicode char U+203A (decimal 8250)
   defining Unicode char U+2423 (decimal 9251)
   defining Unicode char U+1E20 (decimal 7712)
   defining Unicode char U+1E21 (decimal 7713)
)
Now handling font encoding OT1 ...
... processing UTF-8 mapping file for font encoding OT1

(/usr/share/texlive/texmf-dist/tex/latex/base/ot1enc.dfu
File: ot1enc.dfu 2017/01/28 v1.1t UTF-8 support for inputenc
   defining Unicode char U+00A0 (decimal 160)
   defining Unicode char U+00A1 (decimal 161)
   defining Unicode char U+00A3 (decimal 163)
   defining Unicode char U+00AD (decimal 173)
   defining Unicode char U+00B8 (decimal 184)
   defining Unicode char U+00BF (decimal 191)
   defining Unicode char U+00C5 (decimal 197)
   defining Unicode char U+00C6 (decimal 198)
   defining Unicode char U+00D8 (decimal 216)
   defining Unicode char U+00DF (decimal 223)
   defining Unicode char U+00E6 (decimal 230)
   defining Unicode char U+00EC (decimal 236)
   defining Unicode char U+00ED (decimal 237)
   defining Unicode char U+00EE (decimal 238)
   defining Unicode char U+00EF (decimal 239)
   defining Unicode char U+00F8 (decimal 248)
   defining Unicode char U+0131 (decimal 305)
   defining Unicode char U+0141 (decimal 321)
   defining Unicode char U+0142 (decimal 322)
   defining Unicode char U+0152 (decimal 338)
   defining Unicode char U+0153 (decimal 339)
   defining Unicode char U+0174 (decimal 372)
   defining Unicode char U+0175 (decimal 373)
   defining Unicode char U+0176 (decimal 374)
   defining Unicode char U+0177 (decimal 375)
   defining Unicode char U+0218 (decimal 536)
   defining Unicode char U+0219 (decimal 537)
   defining Unicode char U+021A (decimal 538)
   defining Unicode char U+021B (decimal 539)
   defining Unicode char U+2013 (decimal 8211)
   defining Unicode char U+2014 (decimal 8212)
   defining Unicode char U+2018 (decimal 8216)
   defining Unicode char U+2019 (decimal 8217)
   defining Unicode char U+201C (decimal 8220)
   defining Unicode char U+201D (decimal 8221)
)
Now handling font encoding OMS ...
... processing UTF-8 mapping file for font encoding OMS

(/usr/share/texlive/texmf-dist/tex/latex/base/omsenc.dfu
File: omsenc.dfu 2017/01/28 v1.1t UTF-8 support for inputenc
   defining Unicode char U+00A7 (decimal 167)
   defining Unicode char U+00B6 (decimal 182)
   defining Unicode char U+00B7 (decimal 183)
   defining Unicode char U+2020 (decimal 8224)
   defining Unicode char U+2021 (decimal 8225)
   defining Unicode char U+2022 (decimal 8226)
)
Now handling font encoding OMX ...
... no UTF-8 mapping file for font encoding OMX
Now handling font encoding U ...
... no UTF-8 mapping file for font encoding U
   defining Unicode char U+00A9 (decimal 169)
   defining Unicode char U+00AA (decimal 170)
   defining Unicode char U+00AE (decimal 174)
   defining Unicode char U+00BA (decimal 186)
   defining Unicode char U+02C6 (decimal 710)
   defining Unicode char U+02DC (decimal 732)
   defining Unicode char U+200C (decimal 8204)
   defining Unicode char U+2026 (decimal 8230)
   defining Unicode char U+2122 (decimal 8482)
   defining Unicode char U+2423 (decimal 9251)
))
(/usr/share/texlive/texmf-dist/tex/latex/titling/titling.sty
Package: titling 2009/09/04 v2.1d maketitle typesetting
\thanksmarkwidth=\skip43
\thanksmargin=\skip44
\droptitle=\skip45
)
(/usr/share/texlive/texmf-dist/tex/latex/graphics/graphicx.sty
Package: graphicx 2017/06/01 v1.1a Enhanced LaTeX Graphics (DPC,SPQR)

(/usr/share/texlive/texmf-dist/tex/latex/graphics/keyval.sty
Package: keyval 2014/10/28 v1.15 key=value parser (DPC)
\KV@toks@=\toks16
)
(/usr/share/texlive/texmf-dist/tex/latex/graphics/graphics.sty
Package: graphics 2017/06/25 v1.2c Standard LaTeX Graphics (DPC,SPQR)

(/usr/share/texlive/texmf-dist/tex/latex/graphics/trig.sty
Package: trig 2016/01/03 v1.10 sin cos tan (DPC)
)
(/usr/share/texlive/texmf-dist/tex/latex/graphics-cfg/graphics.cfg
File: graphics.cfg 2016/06/04 v1.11 sample graphics configuration
)
Package graphics Info: Driver file: pdftex.def on input line 99.

(/usr/share/texlive/texmf-dist/tex/latex/graphics-def/pdftex.def
File: pdftex.def 2018/01/08 v1.0l Graphics/color driver for pdftex
))
\Gin@req@height=\dimen103
\Gin@req@width=\dimen104
)
(/usr/share/texlive/texmf-dist/tex/latex/xcolor/xcolor.sty
Package: xcolor 2016/05/11 v2.12 LaTeX color extensions (UK)

(/usr/share/texlive/texmf-dist/tex/latex/graphics-cfg/color.cfg
File: color.cfg 2016/01/02 v1.6 sample color configuration
)
Package xcolor Info: Driver file: pdftex.def on input line 225.
Package xcolor Info: Model `cmy' substituted by `cmy0' on input line 1348.
Package xcolor Info: Model `hsb' substituted by `rgb' on input line 1352.
Package xcolor Info: Model `RGB' extended on input line 1364.
Package xcolor Info: Model `HTML' substituted by `rgb' on input line 1366.
Package xcolor Info: Model `Hsb' substituted by `hsb' on input line 1367.
Package xcolor Info: Model `tHsb' substituted by `hsb' on input line 1368.
Package xcolor Info: Model `HSB' substituted by `hsb' on input line 1369.
Package xcolor Info: Model `Gray' substituted by `gray' on input line 1370.
Package xcolor Info: Model `wave' substituted by `hsb' on input line 1371.
)
(/usr/share/texlive/texmf-dist/tex/latex/hyperref/hyperref.sty
Package: hyperref 2018/02/06 v6.86b Hypertext links for LaTeX

(/usr/share/texlive/texmf-dist/tex/generic/oberdiek/hobsub-hyperref.sty
Package: hobsub-hyperref 2016/05/16 v1.14 Bundle oberdiek, subset hyperref (HO)


(/usr/share/texlive/texmf-dist/tex/generic/oberdiek/hobsub-generic.sty
Package: hobsub-generic 2016/05/16 v1.14 Bundle oberdiek, subset generic (HO)
Package: hobsub 2016/05/16 v1.14 Construct package bundles (HO)
Package: infwarerr 2016/05/16 v1.4 Providing info/warning/error messages (HO)
Package: ltxcmds 2016/05/16 v1.23 LaTeX kernel commands for general use (HO)
Package: ifluatex 2016/05/16 v1.4 Provides the ifluatex switch (HO)
Package ifluatex Info: LuaTeX not detected.
Package: ifvtex 2016/05/16 v1.6 Detect VTeX and its facilities (HO)
Package ifvtex Info: VTeX not detected.
Package: intcalc 2016/05/16 v1.2 Expandable calculations with integers (HO)
Package: ifpdf 2017/03/15 v3.2 Provides the ifpdf switch
Package: etexcmds 2016/05/16 v1.6 Avoid name clashes with e-TeX commands (HO)
Package etexcmds Info: Could not find \expanded.
(etexcmds)             That can mean that you are not using pdfTeX 1.50 or
(etexcmds)             that some package has redefined \expanded.
(etexcmds)             In the latter case, load this package earlier.
Package: kvsetkeys 2016/05/16 v1.17 Key value parser (HO)
Package: kvdefinekeys 2016/05/16 v1.4 Define keys (HO)
Package: pdftexcmds 2018/01/21 v0.26 Utility functions of pdfTeX for LuaTeX (HO
)
Package pdftexcmds Info: LuaTeX not detected.
Package pdftexcmds Info: \pdf@primitive is available.
Package pdftexcmds Info: \pdf@ifprimitive is available.
Package pdftexcmds Info: \pdfdraftmode found.
Package: pdfescape 2016/05/16 v1.14 Implements pdfTeX's escape features (HO)
Package: bigintcalc 2016/05/16 v1.4 Expandable calculations on big integers (HO
)
Package: bitset 2016/05/16 v1.2 Handle bit-vector datatype (HO)
Package: uniquecounter 2016/05/16 v1.3 Provide unlimited unique counter (HO)
)
Package hobsub Info: Skipping package `hobsub' (already loaded).
Package: letltxmacro 2016/05/16 v1.5 Let assignment for LaTeX macros (HO)
Package: hopatch 2016/05/16 v1.3 Wrapper for package hooks (HO)
Package: xcolor-patch 2016/05/16 xcolor patch
Package: atveryend 2016/05/16 v1.9 Hooks at the very end of document (HO)
Package atveryend Info: \enddocument detected (standard20110627).
Package: atbegshi 2016/06/09 v1.18 At begin shipout hook (HO)
Package: refcount 2016/05/16 v3.5 Data extraction from label references (HO)
Package: hycolor 2016/05/16 v1.8 Color options for hyperref/bookmark (HO)
)
(/usr/share/texlive/texmf-dist/tex/generic/ifxetex/ifxetex.sty
Package: ifxetex 2010/09/12 v0.6 Provides ifxetex conditional
)
(/usr/share/texlive/texmf-dist/tex/latex/oberdiek/auxhook.sty
Package: auxhook 2016/05/16 v1.4 Hooks for auxiliary files (HO)
)
(/usr/share/texlive/texmf-dist/tex/latex/oberdiek/kvoptions.sty
Package: kvoptions 2016/05/16 v3.12 Key value format for package options (HO)
)
\@linkdim=\dimen105
\Hy@linkcounter=\count87
\Hy@pagecounter=\count88

(/usr/share/texlive/texmf-dist/tex/latex/hyperref/pd1enc.def
File: pd1enc.def 2018/02/06 v6.86b Hyperref: PDFDocEncoding definition (HO)
Now handling font encoding PD1 ...
... no UTF-8 mapping file for font encoding PD1
)
\Hy@SavedSpaceFactor=\count89

(/usr/share/texlive/texmf-dist/tex/latex/latexconfig/hyperref.cfg
File: hyperref.cfg 2002/06/06 v1.2 hyperref configuration of TeXLive
)
Package hyperref Info: Option `colorlinks' set `true' on input line 4383.
Package hyperref Info: Hyper figures OFF on input line 4509.
Package hyperref Info: Link nesting OFF on input line 4514.
Package hyperref Info: Hyper index ON on input line 4517.
Package hyperref Info: Plain pages OFF on input line 4524.
Package hyperref Info: Backreferencing OFF on input line 4529.
Package hyperref Info: Implicit mode ON; LaTeX internals redefined.
Package hyperref Info: Bookmarks ON on input line 4762.
\c@Hy@tempcnt=\count90

(/usr/share/texlive/texmf-dist/tex/latex/url/url.sty
\Urlmuskip=\muskip10
Package: url 2013/09/16  ver 3.4  Verb mode for urls, etc.
)
LaTeX Info: Redefining \url on input line 5115.
\XeTeXLinkMargin=\dimen106
\Fld@menulength=\count91
\Field@Width=\dimen107
\Fld@charsize=\dimen108
Package hyperref Info: Hyper figures OFF on input line 6369.
Package hyperref Info: Link nesting OFF on input line 6374.
Package hyperref Info: Hyper index ON on input line 6377.
Package hyperref Info: backreferencing OFF on input line 6384.
Package hyperref Info: Link coloring ON on input line 6387.
Package hyperref Info: Link coloring with OCG OFF on input line 6394.
Package hyperref Info: PDF/A mode OFF on input line 6399.
LaTeX Info: Redefining \ref on input line 6439.
LaTeX Info: Redefining \pageref on input line 6443.
\Hy@abspage=\count92
\c@Item=\count93
\c@Hfootnote=\count94
)
Package hyperref Info: Driver (autodetected): hpdftex.

(/usr/share/texlive/texmf-dist/tex/latex/hyperref/hpdftex.def
File: hpdftex.def 2018/02/06 v6.86b Hyperref driver for pdfTeX
\Fld@listcount=\count95
\c@bookmark@seq@number=\count96

(/usr/share/texlive/texmf-dist/tex/latex/oberdiek/rerunfilecheck.sty
Package: rerunfilecheck 2016/05/16 v1.8 Rerun checks for auxiliary files (HO)
Package uniquecounter Info: New unique counter `rerunfilecheck' on input line 2
82.
)
\Hy@SectionHShift=\skip46
)
(/usr/share/texlive/texmf-dist/tex/generic/babel/babel.sty
Package: babel 2018/02/14 3.18 The Babel package

(/usr/share/texlive/texmf-dist/tex/generic/babel/switch.def
File: switch.def 2018/02/14 3.18 Babel switching mechanism
)
(/usr/share/texlive/texmf-dist/tex/generic/babel-spanish/spanish.ldf
Language: spanish.ldf 2016/03/03 v5.0p Spanish support from the babel system

(/usr/share/texlive/texmf-dist/tex/generic/babel/babel.def
File: babel.def 2018/02/14 3.18 Babel common definitions
\babel@savecnt=\count97
\U@D=\dimen109

(/usr/share/texlive/texmf-dist/tex/generic/babel/txtbabel.def)
\bbl@dirlevel=\count98
)
\es@quottoks=\toks17
\es@quotdepth=\count99
Package babel Info: Making " an active character on input line 561.
Package babel Info: Making . an active character on input line 662.
Package babel Info: Making < an active character on input line 707.
Package babel Info: Making > an active character on input line 707.
))
   defining Unicode char U+301 (decimal 769)

(/usr/share/texlive/texmf-dist/tex/latex/caption/caption.sty
Package: caption 2016/02/21 v3.3-144 Customizing captions (AR)

(/usr/share/texlive/texmf-dist/tex/latex/caption/caption3.sty
Package: caption3 2016/05/22 v1.7-166 caption3 kernel (AR)
Package caption3 Info: TeX engine: e-TeX on input line 67.
\captionmargin=\dimen110
\captionmargin@=\dimen111
\captionwidth=\dimen112
\caption@tempdima=\dimen113
\caption@indent=\dimen114
\caption@parindent=\dimen115
\caption@hangindent=\dimen116
)
\c@ContinuedFloat=\count100
Package caption Info: hyperref package is loaded.
)
(/usr/share/texlive/texmf-dist/tex/latex/caption/subcaption.sty
Package: subcaption 2016/05/22 v1.1-161 Sub-captions (AR)
\c@subfigure=\count101
\c@subtable=\count102
)
   defining Unicode char U+202F (decimal 8239)
 (./Memoria.aux
LaTeX Info: Redefining \. on input line 23.
LaTeX Info: Redefining \% on input line 23.
)
\openout1 = `Memoria.aux'.

LaTeX Font Info:    Checking defaults for OML/cmm/m/it on input line 24.
LaTeX Font Info:    ... okay on input line 24.
LaTeX Font Info:    Checking defaults for T1/cmr/m/n on input line 24.
LaTeX Font Info:    ... okay on input line 24.
LaTeX Font Info:    Checking defaults for OT1/cmr/m/n on input line 24.
LaTeX Font Info:    ... okay on input line 24.
LaTeX Font Info:    Checking defaults for OMS/cmsy/m/n on input line 24.
LaTeX Font Info:    ... okay on input line 24.
LaTeX Font Info:    Checking defaults for OMX/cmex/m/n on input line 24.
LaTeX Font Info:    ... okay on input line 24.
LaTeX Font Info:    Checking defaults for U/cmr/m/n on input line 24.
LaTeX Font Info:    ... okay on input line 24.
LaTeX Font Info:    Checking defaults for PD1/pdf/m/n on input line 24.
LaTeX Font Info:    ... okay on input line 24.
 (/usr/share/texlive/texmf-dist/tex/context/base/mkii/supp-pdf.mkii
[Loading MPS to PDF converter (version 2006.09.02).]
\scratchcounter=\count103
\scratchdimen=\dimen117
\scratchbox=\box26
\nofMPsegments=\count104
\nofMParguments=\count105
\everyMPshowfont=\toks18
\MPscratchCnt=\count106
\MPscratchDim=\dimen118
\MPnumerator=\count107
\makeMPintoPDFobject=\count108
\everyMPtoPDFconversion=\toks19
) (/usr/share/texlive/texmf-dist/tex/latex/oberdiek/epstopdf-base.sty
Package: epstopdf-base 2016/05/15 v2.6 Base part for package epstopdf

(/usr/share/texlive/texmf-dist/tex/latex/oberdiek/grfext.sty
Package: grfext 2016/05/16 v1.2 Manage graphics extensions (HO)
)
Package epstopdf-base Info: Redefining graphics rule for `.eps' on input line 4
38.
Package grfext Info: Graphics extension search list:
(grfext)             [.pdf,.png,.jpg,.mps,.jpeg,.jbig2,.jb2,.PDF,.PNG,.JPG,.JPE
G,.JBIG2,.JB2,.eps]
(grfext)             \AppendGraphicsExtensions on input line 456.

(/usr/share/texlive/texmf-dist/tex/latex/latexconfig/epstopdf-sys.cfg
File: epstopdf-sys.cfg 2010/07/13 v1.3 Configuration of (r)epstopdf for TeX Liv
e
))
\AtBeginShipoutBox=\box27
Package hyperref Info: Link coloring ON on input line 24.

(/usr/share/texlive/texmf-dist/tex/latex/hyperref/nameref.sty
Package: nameref 2016/05/21 v2.44 Cross-referencing by name of section

(/usr/share/texlive/texmf-dist/tex/generic/oberdiek/gettitlestring.sty
Package: gettitlestring 2016/05/16 v1.5 Cleanup title references (HO)
)
\c@section@level=\count109
)
LaTeX Info: Redefining \ref on input line 24.
LaTeX Info: Redefining \pageref on input line 24.
LaTeX Info: Redefining \nameref on input line 24.

(./Memoria.out) (./Memoria.out)
\@outlinefile=\write3
\openout3 = `Memoria.out'.

LaTeX Info: Redefining \. on input line 24.
LaTeX Info: Redefining \% on input line 24.
Package caption Info: Begin \AtBeginDocument code.
Package caption Info: End \AtBeginDocument code.
LaTeX Font Info:    External font `cmex10' loaded for size
(Font)              <12> on input line 30.
LaTeX Font Info:    External font `cmex10' loaded for size
(Font)              <8> on input line 30.
LaTeX Font Info:    External font `cmex10' loaded for size
(Font)              <6> on input line 30.
<images/alfresco.jpg, id=80, 401.5pt x 401.5pt>
File: images/alfresco.jpg Graphic file (type jpg)
<use images/alfresco.jpg>
Package pdftex.def Info: images/alfresco.jpg  used on input line 32.
(pdftex.def)             Requested size: 160.59715pt x 160.59715pt.
 [1

{/var/lib/texmf/fonts/map/pdftex/updmap/pdftex.map} <./images/alfresco.jpg>] (.
/Memoria.toc
LaTeX Info: Redefining \. on input line 1.
LaTeX Info: Redefining \% on input line 1.
LaTeX Font Info:    External font `cmex10' loaded for size
(Font)              <7> on input line 4.
LaTeX Font Info:    External font `cmex10' loaded for size
(Font)              <5> on input line 4.
)
\tf@toc=\write4
\openout4 = `Memoria.toc'.

pdfTeX warning (ext4): destination with the same identifier (name{page.1}) has 
been already used, duplicate ignored
<to be read again> 
                   \relax 
l.41 \newpage
              [1]
<images/tareas.png, id=113, 503.8825pt x 317.185pt>
File: images/tareas.png Graphic file (type png)
<use images/tareas.png>
Package pdftex.def Info: images/tareas.png  used on input line 59.
(pdftex.def)             Requested size: 302.33183pt x 190.31245pt.
 [2]
<images/task.png, id=118, 637.63219pt x 550.30594pt>
File: images/task.png Graphic file (type png)
<use images/task.png>
Package pdftex.def Info: images/task.png  used on input line 78.
(pdftex.def)             Requested size: 382.58226pt x 330.18611pt.

Overfull \hbox (37.58226pt too wide) in paragraph at lines 78--79
 [] 
 []

[3 <./images/tareas.png>] [4 <./images/task.png>]
<images/diagrama.png, id=127, 637.63219pt x 472.01344pt>
File: images/diagrama.png Graphic file (type png)
<use images/diagrama.png>
Package pdftex.def Info: images/diagrama.png  used on input line 89.
(pdftex.def)             Requested size: 382.58226pt x 283.21025pt.

Overfull \hbox (37.58226pt too wide) in paragraph at lines 89--90
 [] 
 []

<images/flujo.png, id=128, 773.13844pt x 527.72156pt>
File: images/flujo.png Graphic file (type png)
<use images/flujo.png>
Package pdftex.def Info: images/flujo.png  used on input line 95.
(pdftex.def)             Requested size: 386.56828pt x 263.86014pt.

Overfull \hbox (41.56828pt too wide) in paragraph at lines 95--96
 [] 
 []

[5 <./images/diagrama.png>]
Overfull \hbox (6.87556pt too wide) in paragraph at lines 102--103
[]\OT1/cmr/m/n/10 Antes de rea-li-zar la ta-rea la per-so-na en cues-ti^^Son de
-ber^^Sa .[]ceptar/aprobar"dicha
 []

<images/revisar.png, id=134, 633.11531pt x 499.11469pt>
File: images/revisar.png Graphic file (type png)
<use images/revisar.png>
Package pdftex.def Info: images/revisar.png  used on input line 105.
(pdftex.def)             Requested size: 379.87212pt x 299.47112pt.

Overfull \hbox (34.87212pt too wide) in paragraph at lines 105--106
 [] 
 []

[6 <./images/flujo.png>]
<images/flujo2.png, id=140, 1060.71281pt x 521.69907pt>
File: images/flujo2.png Graphic file (type png)
<use images/flujo2.png>
Package pdftex.def Info: images/flujo2.png  used on input line 111.
(pdftex.def)             Requested size: 424.27762pt x 208.67592pt.

Overfull \hbox (79.27762pt too wide) in paragraph at lines 111--112
 [] 
 []

[7 <./images/revisar.png>]
<images/editar.png, id=145, 637.63219pt x 338.01282pt>
File: images/editar.png Graphic file (type png)
<use images/editar.png>
Package pdftex.def Info: images/editar.png  used on input line 118.
(pdftex.def)             Requested size: 382.58226pt x 202.80925pt.

Overfull \hbox (37.58226pt too wide) in paragraph at lines 118--119
 [] 
 []

<images/aprobadas.png, id=146, 634.62094pt x 493.0922pt>
File: images/aprobadas.png Graphic file (type png)
<use images/aprobadas.png>
Package pdftex.def Info: images/aprobadas.png  used on input line 124.
(pdftex.def)             Requested size: 380.7755pt x 295.85759pt.

Overfull \hbox (35.7755pt too wide) in paragraph at lines 124--125
 [] 
 []

[8 <./images/flujo2.png> <./images/editar.png>]
<images/workspace1.png, id=152, 513.92pt x 389.455pt>
File: images/workspace1.png Graphic file (type png)
<use images/workspace1.png>
Package pdftex.def Info: images/workspace1.png  used on input line 134.
(pdftex.def)             Requested size: 256.95937pt x 194.72702pt.
 [9 <./images/aprobadas.png>]
<images/workspace2.png, id=157, 513.92pt x 454.69875pt>
File: images/workspace2.png Graphic file (type png)
<use images/workspace2.png>
Package pdftex.def Info: images/workspace2.png  used on input line 138.
(pdftex.def)             Requested size: 256.95937pt x 227.34882pt.
<images/workspace3.png, id=158, 513.92pt x 304.13625pt>
File: images/workspace3.png Graphic file (type png)
<use images/workspace3.png>
Package pdftex.def Info: images/workspace3.png  used on input line 142.
(pdftex.def)             Requested size: 256.95937pt x 152.06775pt.

[10 <./images/workspace1.png> <./images/workspace2.png>]
<images/alina.png, id=164, 262.9825pt x 513.92pt>
File: images/alina.png Graphic file (type png)
<use images/alina.png>
Package pdftex.def Info: images/alina.png  used on input line 155.
(pdftex.def)             Requested size: 86.25pt x 168.55116pt.
<images/cristina.png, id=165, 279.0425pt x 513.92pt>
File: images/cristina.png Graphic file (type png)
<use images/cristina.png>
Package pdftex.def Info: images/cristina.png  used on input line 158.
(pdftex.def)             Requested size: 86.25pt x 158.84303pt.
<images/alvaro.png, id=166, 254.9525pt x 513.92pt>
File: images/alvaro.png Graphic file (type png)
<use images/alvaro.png>
Package pdftex.def Info: images/alvaro.png  used on input line 161.
(pdftex.def)             Requested size: 86.25pt x 173.86005pt.
 [11 <./images/workspace3.png> <./images/alina.png> <./images/cristina.png> <./
images/alvaro.png>]
<images/test.png, id=174, 249.93375pt x 513.92pt>
File: images/test.png Graphic file (type png)
<use images/test.png>
Package pdftex.def Info: images/test.png  used on input line 166.
(pdftex.def)             Requested size: 99.97173pt x 205.56435pt.
<images/jose.png, id=175, 230.8625pt x 513.92pt>
File: images/jose.png Graphic file (type png)
<use images/jose.png>
Package pdftex.def Info: images/jose.png  used on input line 172.
(pdftex.def)             Requested size: 86.25pt x 191.99808pt.
<images/cristobal.png, id=176, 325.215pt x 672.5125pt>
File: images/cristobal.png Graphic file (type png)
<use images/cristobal.png>
Package pdftex.def Info: images/cristobal.png  used on input line 175.
(pdftex.def)             Requested size: 86.25pt x 178.34836pt.
<images/adduser.png, id=178, 621.32124pt x 399.4925pt>
File: images/adduser.png Graphic file (type png)
<use images/adduser.png>
Package pdftex.def Info: images/adduser.png  used on input line 184.
(pdftex.def)             Requested size: 310.65987pt x 199.74576pt.

[12 <./images/test.png> <./images/jose.png> <./images/cristobal.png>]
<images/adduser2.png, id=186, 513.92pt x 189.70876pt>
File: images/adduser2.png Graphic file (type png)
<use images/adduser2.png>
Package pdftex.def Info: images/adduser2.png  used on input line 188.
(pdftex.def)             Requested size: 411.13655pt x 151.7672pt.

Overfull \hbox (66.13655pt too wide) in paragraph at lines 188--189
 [] 
 []

<images/adduser3.png, id=187, 497.86pt x 446.66875pt>
File: images/adduser3.png Graphic file (type png)
<use images/adduser3.png>
Package pdftex.def Info: images/adduser3.png  used on input line 192.
(pdftex.def)             Requested size: 248.92938pt x 223.33382pt.
[13 <./images/adduser.png> <./images/adduser2.png>]
<images/roles.png, id=193, 309.155pt x 690.58pt>
File: images/roles.png Graphic file (type png)
<use images/roles.png>
Package pdftex.def Info: images/roles.png  used on input line 198.
(pdftex.def)             Requested size: 92.74721pt x 207.1756pt.
<images/activity.png, id=194, 833.1125pt x 350.30875pt>
File: images/activity.png Graphic file (type png)
<use images/activity.png>
Package pdftex.def Info: images/activity.png  used on input line 204.
(pdftex.def)             Requested size: 416.55524pt x 175.15395pt.

Overfull \hbox (71.55524pt too wide) in paragraph at lines 204--205
 [] 
 []

[14 <./images/adduser3.png> <./images/roles.png>]
<images/session.png, id=200, 590.205pt x 530.98375pt>
File: images/session.png Graphic file (type png)
<use images/session.png>
Package pdftex.def Info: images/session.png  used on input line 214.
(pdftex.def)             Requested size: 295.10178pt x 265.49121pt.
 [15 <./images/activity.png> <./images/session.png>]
<images/files.png, id=207, 1606.0pt x 561.09625pt>
File: images/files.png Graphic file (type png)
<use images/files.png>
Package pdftex.def Info: images/files.png  used on input line 220.
(pdftex.def)             Requested size: 401.49902pt x 140.27371pt.

Overfull \hbox (56.49902pt too wide) in paragraph at lines 220--221
 [] 
 []

<images/file.png, id=208, 734.745pt x 262.9825pt>
File: images/file.png Graphic file (type png)
<use images/file.png>
Package pdftex.def Info: images/file.png  used on input line 224.
(pdftex.def)             Requested size: 367.3716pt x 131.49092pt.

Overfull \hbox (22.3716pt too wide) in paragraph at lines 224--225
 [] 
 []

<images/mods.png, id=209, 747.79375pt x 588.1975pt>
File: images/mods.png Graphic file (type png)
<use images/mods.png>
Package pdftex.def Info: images/mods.png  used on input line 230.
(pdftex.def)             Requested size: 373.89595pt x 294.09802pt.

Overfull \hbox (28.89595pt too wide) in paragraph at lines 230--231
 [] 
 []

[16 <./images/files.png> <./images/file.png>]
<images/ver.png, id=215, 290.08376pt x 406.51875pt>
File: images/ver.png Graphic file (type png)
<use images/ver.png>
Package pdftex.def Info: images/ver.png  used on input line 236.
(pdftex.def)             Requested size: 145.04152pt x 203.25887pt.
 [17 <./images/mods.png> <./images/ver.png>]
<images/permisos.png, id=221, 458.71375pt x 422.57875pt>
File: images/permisos.png Graphic file (type png)
<use images/permisos.png>
Package pdftex.def Info: images/permisos.png  used on input line 242.
(pdftex.def)             Requested size: 229.35631pt x 211.28885pt.
<images/permisos2.png, id=222, 334.24875pt x 162.6075pt>
File: images/permisos2.png Graphic file (type png)
<use images/permisos2.png>
Package pdftex.def Info: images/permisos2.png  used on input line 246.
(pdftex.def)             Requested size: 167.12396pt x 81.30354pt.
<images/info.png, id=223, 516.93124pt x 411.5375pt>
File: images/info.png Graphic file (type png)
<use images/info.png>
Package pdftex.def Info: images/info.png  used on input line 250.
(pdftex.def)             Requested size: 258.46498pt x 205.76825pt.
 [18 <./images/permisos.png> <./images/permisos2.png> <./images/info.png>]
<images/mod.png, id=232, 417.56pt x 513.92pt>
File: images/mod.png Graphic file (type png)
<use images/mod.png>
Package pdftex.def Info: images/mod.png  used on input line 257.
(pdftex.def)             Requested size: 208.77948pt x 256.95937pt.
<images/mod2.png, id=233, 513.92pt x 177.66376pt>
File: images/mod2.png Graphic file (type png)
<use images/mod2.png>
Package pdftex.def Info: images/mod2.png  used on input line 261.
(pdftex.def)             Requested size: 256.95937pt x 88.83165pt.
 [19 <./images/mod.png> <./images/mod2.png>]
<images/actualizacion.png, id=238, 859.21pt x 681.54625pt>
File: images/actualizacion.png Graphic file (type png)
<use images/actualizacion.png>
Package pdftex.def Info: images/actualizacion.png  used on input line 269.
(pdftex.def)             Requested size: 429.60396pt x 340.7723pt.

Overfull \hbox (84.60396pt too wide) in paragraph at lines 269--270
 [] 
 []

<images/version.png, id=239, 726.715pt x 148.555pt>
File: images/version.png Graphic file (type png)
<use images/version.png>
Package pdftex.def Info: images/version.png  used on input line 273.
(pdftex.def)             Requested size: 218.01617pt x 44.56683pt.
[20 <./images/actualizacion.png> <./images/version.png>]
<images/versiones.png, id=246, 610.28pt x 523.9575pt>
File: images/versiones.png Graphic file (type png)
<use images/versiones.png>
Package pdftex.def Info: images/versiones.png  used on input line 279.
(pdftex.def)             Requested size: 305.13925pt x 261.9781pt.
<images/regla1.png, id=247, 569.12625pt x 256.96pt>
File: images/regla1.png Graphic file (type png)
<use images/regla1.png>
Package pdftex.def Info: images/regla1.png  used on input line 289.
(pdftex.def)             Requested size: 398.38567pt x 179.87076pt.

Overfull \hbox (53.38567pt too wide) in paragraph at lines 289--290
 [] 
 []

[21 <./images/versiones.png>]
<images/regla2.png, id=253, 568.1225pt x 235.88126pt>
File: images/regla2.png Graphic file (type png)
<use images/regla2.png>
Package pdftex.def Info: images/regla2.png  used on input line 295.
(pdftex.def)             Requested size: 397.68303pt x 165.11575pt.

Overfull \hbox (52.68303pt too wide) in paragraph at lines 295--296
 [] 
 []

[22 <./images/regla1.png> <./images/regla2.png>]
<images/regla3.png, id=260, 569.12625pt x 242.9075pt>
File: images/regla3.png Graphic file (type png)
<use images/regla3.png>
Package pdftex.def Info: images/regla3.png  used on input line 309.
(pdftex.def)             Requested size: 398.38567pt x 170.03407pt.

Overfull \hbox (53.38567pt too wide) in paragraph at lines 309--310
 [] 
 []

<images/regla4.png, id=261, 567.11874pt x 257.96375pt>
File: images/regla4.png Graphic file (type png)
<use images/regla4.png>
Package pdftex.def Info: images/regla4.png  used on input line 313.
(pdftex.def)             Requested size: 453.6956pt x 206.37126pt.

Overfull \hbox (108.6956pt too wide) in paragraph at lines 313--314
 [] 
 []

<images/regla5.PNG, id=262, 1606.0pt x 700.6175pt>
File: images/regla5.PNG Graphic file (type png)
<use images/regla5.PNG>
Package pdftex.def Info: images/regla5.PNG  used on input line 319.
(pdftex.def)             Requested size: 401.49902pt x 175.15395pt.

Overfull \hbox (56.49902pt too wide) in paragraph at lines 319--320
 [] 
 []

[23 <./images/regla3.png> <./images/regla4.png>]
<images/word.png, id=269, 568.1225pt x 302.12875pt>
File: images/word.png Graphic file (type png)
<use images/word.png>
Package pdftex.def Info: images/word.png  used on input line 328.
(pdftex.def)             Requested size: 397.68303pt x 211.48868pt.

Overfull \hbox (52.68303pt too wide) in paragraph at lines 328--329
 [] 
 []

<images/pdf.png, id=270, 513.92pt x 234.8775pt>
File: images/pdf.png Graphic file (type png)
<use images/pdf.png>
Package pdftex.def Info: images/pdf.png  used on input line 335.
(pdftex.def)             Requested size: 359.74153pt x 164.41312pt.

Overfull \hbox (14.74153pt too wide) in paragraph at lines 335--336
 [] 
 []

[24 <./images/regla5.PNG> <./images/word.png>]
<images/conversion.png, id=277, 513.92pt x 220.825pt>
File: images/conversion.png Graphic file (type png)
<use images/conversion.png>
Package pdftex.def Info: images/conversion.png  used on input line 339.
(pdftex.def)             Requested size: 359.74153pt x 154.57643pt.

Overfull \hbox (14.74153pt too wide) in paragraph at lines 339--340
 [] 
 []

[25 <./images/pdf.png> <./images/conversion.png>] [26] [27]
Underfull \hbox (badness 10000) in paragraph at lines 378--379
[]\OT1/cmr/m/it/10 Tutorial Al-fres-co\OT1/cmr/m/n/10 , [][]$\OT1/cmtt/m/n/10 h
ttp : / / docs . alfresco . com / 6 . 0 / concepts /
 []


Underfull \hbox (badness 10000) in paragraph at lines 379--380
[]\OT1/cmr/m/it/10 Alfresco Sha-re\OT1/cmr/m/n/10 , [][]$\OT1/cmtt/m/n/10 http 
: / / www . jpereira . net / attachments / article / 50 /
 []

Package atveryend Info: Empty hook `BeforeClearDocument' on input line 387.
[28]
Package atveryend Info: Empty hook `AfterLastShipout' on input line 387.
 (./Memoria.aux
LaTeX Info: Redefining \. on input line 23.
LaTeX Info: Redefining \% on input line 23.
)
Package atveryend Info: Executing hook `AtVeryEndDocument' on input line 387.
Package atveryend Info: Executing hook `AtEndAfterFileList' on input line 387.
Package rerunfilecheck Info: File `Memoria.out' has not changed.
(rerunfilecheck)             Checksum: 69A00CE8CB8A67D9FD3D231933E8A778;1277.
Package atveryend Info: Empty hook `AtVeryVeryEnd' on input line 387.
 ) 
Here is how much of TeX's memory you used:
 8085 strings out of 492982
 119442 string characters out of 6134895
 217294 words of memory out of 5000000
 11488 multiletter control sequences out of 15000+600000
 8409 words of font info for 30 fonts, out of 8000000 for 9000
 1141 hyphenation exceptions out of 8191
 36i,9n,38p,1175b,495s stack positions out of 5000i,500n,10000p,200000b,80000s
</usr/share/texlive/texmf-dist/fonts/type1/public/amsfonts/cm/cmbx10.pfb></us
r/share/texlive/texmf-dist/fonts/type1/public/amsfonts/cm/cmbx12.pfb></usr/shar
e/texlive/texmf-dist/fonts/type1/public/amsfonts/cm/cmr10.pfb></usr/share/texli
ve/texmf-dist/fonts/type1/public/amsfonts/cm/cmr12.pfb></usr/share/texlive/texm
f-dist/fonts/type1/public/amsfonts/cm/cmr17.pfb></usr/share/texlive/texmf-dist/
fonts/type1/public/amsfonts/cm/cmr5.pfb></usr/share/texlive/texmf-dist/fonts/ty
pe1/public/amsfonts/cm/cmr7.pfb></usr/share/texlive/texmf-dist/fonts/type1/publ
ic/amsfonts/cm/cmti10.pfb></usr/share/texlive/texmf-dist/fonts/type1/public/ams
fonts/cm/cmtt10.pfb>
Output written on Memoria.pdf (29 pages, 1639666 bytes).
PDF statistics:
 353 PDF objects out of 1000 (max. 8388607)
 248 compressed objects within 3 object streams
 55 named destinations out of 1000 (max. 500000)
 373 words of extra memory for PDF output out of 10000 (max. 10000000)

