This is pdfTeX, Version 3.14159265-2.6-1.40.18 (TeX Live 2017/Debian) (preloaded format=pdflatex 2018.10.12)  21 DEC 2018 23:29
entering extended mode
 restricted \write18 enabled.
 %&-line parsing enabled.
**Memoria.tex
(./Memoria.tex
LaTeX2e <2017-04-15>
Babel <3.18> and hyphenation patterns for 84 language(s) loaded.
(/usr/share/texlive/texmf-dist/tex/latex/base/article.cls
Document Class: article 2014/09/29 v1.4h Standard LaTeX document class
(/usr/share/texlive/texmf-dist/tex/latex/base/size10.clo
File: size10.clo 2014/09/29 v1.4h Standard LaTeX file (size option)
)
\c@part=\count79
\c@section=\count80
\c@subsection=\count81
\c@subsubsection=\count82
\c@paragraph=\count83
\c@subparagraph=\count84
\c@figure=\count85
\c@table=\count86
\abovecaptionskip=\skip41
\belowcaptionskip=\skip42
\bibindent=\dimen102
)
(/usr/share/texlive/texmf-dist/tex/latex/base/inputenc.sty
Package: inputenc 2015/03/17 v1.2c Input encoding file
\inpenc@prehook=\toks14
\inpenc@posthook=\toks15

(/usr/share/texlive/texmf-dist/tex/latex/base/utf8.def
File: utf8.def 2017/01/28 v1.1t UTF-8 support for inputenc
Now handling font encoding OML ...
... no UTF-8 mapping file for font encoding OML
Now handling font encoding T1 ...
... processing UTF-8 mapping file for font encoding T1

(/usr/share/texlive/texmf-dist/tex/latex/base/t1enc.dfu
File: t1enc.dfu 2017/01/28 v1.1t UTF-8 support for inputenc
   defining Unicode char U+00A0 (decimal 160)
   defining Unicode char U+00A1 (decimal 161)
   defining Unicode char U+00A3 (decimal 163)
   defining Unicode char U+00AB (decimal 171)
   defining Unicode char U+00AD (decimal 173)
   defining Unicode char U+00BB (decimal 187)
   defining Unicode char U+00BF (decimal 191)
   defining Unicode char U+00C0 (decimal 192)
   defining Unicode char U+00C1 (decimal 193)
   defining Unicode char U+00C2 (decimal 194)
   defining Unicode char U+00C3 (decimal 195)
   defining Unicode char U+00C4 (decimal 196)
   defining Unicode char U+00C5 (decimal 197)
   defining Unicode char U+00C6 (decimal 198)
   defining Unicode char U+00C7 (decimal 199)
   defining Unicode char U+00C8 (decimal 200)
   defining Unicode char U+00C9 (decimal 201)
   defining Unicode char U+00CA (decimal 202)
   defining Unicode char U+00CB (decimal 203)
   defining Unicode char U+00CC (decimal 204)
   defining Unicode char U+00CD (decimal 205)
   defining Unicode char U+00CE (decimal 206)
   defining Unicode char U+00CF (decimal 207)
   defining Unicode char U+00D0 (decimal 208)
   defining Unicode char U+00D1 (decimal 209)
   defining Unicode char U+00D2 (decimal 210)
   defining Unicode char U+00D3 (decimal 211)
   defining Unicode char U+00D4 (decimal 212)
   defining Unicode char U+00D5 (decimal 213)
   defining Unicode char U+00D6 (decimal 214)
   defining Unicode char U+00D8 (decimal 216)
   defining Unicode char U+00D9 (decimal 217)
   defining Unicode char U+00DA (decimal 218)
   defining Unicode char U+00DB (decimal 219)
   defining Unicode char U+00DC (decimal 220)
   defining Unicode char U+00DD (decimal 221)
   defining Unicode char U+00DE (decimal 222)
   defining Unicode char U+00DF (decimal 223)
   defining Unicode char U+00E0 (decimal 224)
   defining Unicode char U+00E1 (decimal 225)
   defining Unicode char U+00E2 (decimal 226)
   defining Unicode char U+00E3 (decimal 227)
   defining Unicode char U+00E4 (decimal 228)
   defining Unicode char U+00E5 (decimal 229)
   defining Unicode char U+00E6 (decimal 230)
   defining Unicode char U+00E7 (decimal 231)
   defining Unicode char U+00E8 (decimal 232)
   defining Unicode char U+00E9 (decimal 233)
   defining Unicode char U+00EA (decimal 234)
   defining Unicode char U+00EB (decimal 235)
   defining Unicode char U+00EC (decimal 236)
   defining Unicode char U+00ED (decimal 237)
   defining Unicode char U+00EE (decimal 238)
   defining Unicode char U+00EF (decimal 239)
   defining Unicode char U+00F0 (decimal 240)
   defining Unicode char U+00F1 (decimal 241)
   defining Unicode char U+00F2 (decimal 242)
   defining Unicode char U+00F3 (decimal 243)
   defining Unicode char U+00F4 (decimal 244)
   defining Unicode char U+00F5 (decimal 245)
   defining Unicode char U+00F6 (decimal 246)
   defining Unicode char U+00F8 (decimal 248)
   defining Unicode char U+00F9 (decimal 249)
   defining Unicode char U+00FA (decimal 250)
   defining Unicode char U+00FB (decimal 251)
   defining Unicode char U+00FC (decimal 252)
   defining Unicode char U+00FD (decimal 253)
   defining Unicode char U+00FE (decimal 254)
   defining Unicode char U+00FF (decimal 255)
   defining Unicode char U+0100 (decimal 256)
   defining Unicode char U+0101 (decimal 257)
   defining Unicode char U+0102 (decimal 258)
   defining Unicode char U+0103 (decimal 259)
   defining Unicode char U+0104 (decimal 260)
   defining Unicode char U+0105 (decimal 261)
   defining Unicode char U+0106 (decimal 262)
   defining Unicode char U+0107 (decimal 263)
   defining Unicode char U+0108 (decimal 264)
   defining Unicode char U+0109 (decimal 265)
   defining Unicode char U+010A (decimal 266)
   defining Unicode char U+010B (decimal 267)
   defining Unicode char U+010C (decimal 268)
   defining Unicode char U+010D (decimal 269)
   defining Unicode char U+010E (decimal 270)
   defining Unicode char U+010F (decimal 271)
   defining Unicode char U+0110 (decimal 272)
   defining Unicode char U+0111 (decimal 273)
   defining Unicode char U+0112 (decimal 274)
   defining Unicode char U+0113 (decimal 275)
   defining Unicode char U+0114 (decimal 276)
   defining Unicode char U+0115 (decimal 277)
   defining Unicode char U+0116 (decimal 278)
   defining Unicode char U+0117 (decimal 279)
   defining Unicode char U+0118 (decimal 280)
   defining Unicode char U+0119 (decimal 281)
   defining Unicode char U+011A (decimal 282)
   defining Unicode char U+011B (decimal 283)
   defining Unicode char U+011C (decimal 284)
   defining Unicode char U+011D (decimal 285)
   defining Unicode char U+011E (decimal 286)
   defining Unicode char U+011F (decimal 287)
   defining Unicode char U+0120 (decimal 288)
   defining Unicode char U+0121 (decimal 289)
   defining Unicode char U+0122 (decimal 290)
   defining Unicode char U+0123 (decimal 291)
   defining Unicode char U+0124 (decimal 292)
   defining Unicode char U+0125 (decimal 293)
   defining Unicode char U+0128 (decimal 296)
   defining Unicode char U+0129 (decimal 297)
   defining Unicode char U+012A (decimal 298)
   defining Unicode char U+012B (decimal 299)
   defining Unicode char U+012C (decimal 300)
   defining Unicode char U+012D (decimal 301)
   defining Unicode char U+012E (decimal 302)
   defining Unicode char U+012F (decimal 303)
   defining Unicode char U+0130 (decimal 304)
   defining Unicode char U+0131 (decimal 305)
   defining Unicode char U+0132 (decimal 306)
   defining Unicode char U+0133 (decimal 307)
   defining Unicode char U+0134 (decimal 308)
   defining Unicode char U+0135 (decimal 309)
   defining Unicode char U+0136 (decimal 310)
   defining Unicode char U+0137 (decimal 311)
   defining Unicode char U+0139 (decimal 313)
   defining Unicode char U+013A (decimal 314)
   defining Unicode char U+013B (decimal 315)
   defining Unicode char U+013C (decimal 316)
   defining Unicode char U+013D (decimal 317)
   defining Unicode char U+013E (decimal 318)
   defining Unicode char U+0141 (decimal 321)
   defining Unicode char U+0142 (decimal 322)
   defining Unicode char U+0143 (decimal 323)
   defining Unicode char U+0144 (decimal 324)
   defining Unicode char U+0145 (decimal 325)
   defining Unicode char U+0146 (decimal 326)
   defining Unicode char U+0147 (decimal 327)
   defining Unicode char U+0148 (decimal 328)
   defining Unicode char U+014A (decimal 330)
   defining Unicode char U+014B (decimal 331)
   defining Unicode char U+014C (decimal 332)
   defining Unicode char U+014D (decimal 333)
   defining Unicode char U+014E (decimal 334)
   defining Unicode char U+014F (decimal 335)
   defining Unicode char U+0150 (decimal 336)
   defining Unicode char U+0151 (decimal 337)
   defining Unicode char U+0152 (decimal 338)
   defining Unicode char U+0153 (decimal 339)
   defining Unicode char U+0154 (decimal 340)
   defining Unicode char U+0155 (decimal 341)
   defining Unicode char U+0156 (decimal 342)
   defining Unicode char U+0157 (decimal 343)
   defining Unicode char U+0158 (decimal 344)
   defining Unicode char U+0159 (decimal 345)
   defining Unicode char U+015A (decimal 346)
   defining Unicode char U+015B (decimal 347)
   defining Unicode char U+015C (decimal 348)
   defining Unicode char U+015D (decimal 349)
   defining Unicode char U+015E (decimal 350)
   defining Unicode char U+015F (decimal 351)
   defining Unicode char U+0160 (decimal 352)
   defining Unicode char U+0161 (decimal 353)
   defining Unicode char U+0162 (decimal 354)
   defining Unicode char U+0163 (decimal 355)
   defining Unicode char U+0164 (decimal 356)
   defining Unicode char U+0165 (decimal 357)
   defining Unicode char U+0168 (decimal 360)
   defining Unicode char U+0169 (decimal 361)
   defining Unicode char U+016A (decimal 362)
   defining Unicode char U+016B (decimal 363)
   defining Unicode char U+016C (decimal 364)
   defining Unicode char U+016D (decimal 365)
   defining Unicode char U+016E (decimal 366)
   defining Unicode char U+016F (decimal 367)
   defining Unicode char U+0170 (decimal 368)
   defining Unicode char U+0171 (decimal 369)
   defining Unicode char U+0172 (decimal 370)
   defining Unicode char U+0173 (decimal 371)
   defining Unicode char U+0174 (decimal 372)
   defining Unicode char U+0175 (decimal 373)
   defining Unicode char U+0176 (decimal 374)
   defining Unicode char U+0177 (decimal 375)
   defining Unicode char U+0178 (decimal 376)
   defining Unicode char U+0179 (decimal 377)
   defining Unicode char U+017A (decimal 378)
   defining Unicode char U+017B (decimal 379)
   defining Unicode char U+017C (decimal 380)
   defining Unicode char U+017D (decimal 381)
   defining Unicode char U+017E (decimal 382)
   defining Unicode char U+01CD (decimal 461)
   defining Unicode char U+01CE (decimal 462)
   defining Unicode char U+01CF (decimal 463)
   defining Unicode char U+01D0 (decimal 464)
   defining Unicode char U+01D1 (decimal 465)
   defining Unicode char U+01D2 (decimal 466)
   defining Unicode char U+01D3 (decimal 467)
   defining Unicode char U+01D4 (decimal 468)
   defining Unicode char U+01E2 (decimal 482)
   defining Unicode char U+01E3 (decimal 483)
   defining Unicode char U+01E6 (decimal 486)
   defining Unicode char U+01E7 (decimal 487)
   defining Unicode char U+01E8 (decimal 488)
   defining Unicode char U+01E9 (decimal 489)
   defining Unicode char U+01EA (decimal 490)
   defining Unicode char U+01EB (decimal 491)
   defining Unicode char U+01F0 (decimal 496)
   defining Unicode char U+01F4 (decimal 500)
   defining Unicode char U+01F5 (decimal 501)
   defining Unicode char U+0218 (decimal 536)
   defining Unicode char U+0219 (decimal 537)
   defining Unicode char U+021A (decimal 538)
   defining Unicode char U+021B (decimal 539)
   defining Unicode char U+0232 (decimal 562)
   defining Unicode char U+0233 (decimal 563)
   defining Unicode char U+1E02 (decimal 7682)
   defining Unicode char U+1E03 (decimal 7683)
   defining Unicode char U+200C (decimal 8204)
   defining Unicode char U+2010 (decimal 8208)
   defining Unicode char U+2011 (decimal 8209)
   defining Unicode char U+2012 (decimal 8210)
   defining Unicode char U+2013 (decimal 8211)
   defining Unicode char U+2014 (decimal 8212)
   defining Unicode char U+2015 (decimal 8213)
   defining Unicode char U+2018 (decimal 8216)
   defining Unicode char U+2019 (decimal 8217)
   defining Unicode char U+201A (decimal 8218)
   defining Unicode char U+201C (decimal 8220)
   defining Unicode char U+201D (decimal 8221)
   defining Unicode char U+201E (decimal 8222)
   defining Unicode char U+2030 (decimal 8240)
   defining Unicode char U+2031 (decimal 8241)
   defining Unicode char U+2039 (decimal 8249)
   defining Unicode char U+203A (decimal 8250)
   defining Unicode char U+2423 (decimal 9251)
   defining Unicode char U+1E20 (decimal 7712)
   defining Unicode char U+1E21 (decimal 7713)
)
Now handling font encoding OT1 ...
... processing UTF-8 mapping file for font encoding OT1

(/usr/share/texlive/texmf-dist/tex/latex/base/ot1enc.dfu
File: ot1enc.dfu 2017/01/28 v1.1t UTF-8 support for inputenc
   defining Unicode char U+00A0 (decimal 160)
   defining Unicode char U+00A1 (decimal 161)
   defining Unicode char U+00A3 (decimal 163)
   defining Unicode char U+00AD (decimal 173)
   defining Unicode char U+00B8 (decimal 184)
   defining Unicode char U+00BF (decimal 191)
   defining Unicode char U+00C5 (decimal 197)
   defining Unicode char U+00C6 (decimal 198)
   defining Unicode char U+00D8 (decimal 216)
   defining Unicode char U+00DF (decimal 223)
   defining Unicode char U+00E6 (decimal 230)
   defining Unicode char U+00EC (decimal 236)
   defining Unicode char U+00ED (decimal 237)
   defining Unicode char U+00EE (decimal 238)
   defining Unicode char U+00EF (decimal 239)
   defining Unicode char U+00F8 (decimal 248)
   defining Unicode char U+0131 (decimal 305)
   defining Unicode char U+0141 (decimal 321)
   defining Unicode char U+0142 (decimal 322)
   defining Unicode char U+0152 (decimal 338)
   defining Unicode char U+0153 (decimal 339)
   defining Unicode char U+0174 (decimal 372)
   defining Unicode char U+0175 (decimal 373)
   defining Unicode char U+0176 (decimal 374)
   defining Unicode char U+0177 (decimal 375)
   defining Unicode char U+0218 (decimal 536)
   defining Unicode char U+0219 (decimal 537)
   defining Unicode char U+021A (decimal 538)
   defining Unicode char U+021B (decimal 539)
   defining Unicode char U+2013 (decimal 8211)
   defining Unicode char U+2014 (decimal 8212)
   defining Unicode char U+2018 (decimal 8216)
   defining Unicode char U+2019 (decimal 8217)
   defining Unicode char U+201C (decimal 8220)
   defining Unicode char U+201D (decimal 8221)
)
Now handling font encoding OMS ...
... processing UTF-8 mapping file for font encoding OMS

(/usr/share/texlive/texmf-dist/tex/latex/base/omsenc.dfu
File: omsenc.dfu 2017/01/28 v1.1t UTF-8 support for inputenc
   defining Unicode char U+00A7 (decimal 167)
   defining Unicode char U+00B6 (decimal 182)
   defining Unicode char U+00B7 (decimal 183)
   defining Unicode char U+2020 (decimal 8224)
   defining Unicode char U+2021 (decimal 8225)
   defining Unicode char U+2022 (decimal 8226)
)
Now handling font encoding OMX ...
... no UTF-8 mapping file for font encoding OMX
Now handling font encoding U ...
... no UTF-8 mapping file for font encoding U
   defining Unicode char U+00A9 (decimal 169)
   defining Unicode char U+00AA (decimal 170)
   defining Unicode char U+00AE (decimal 174)
   defining Unicode char U+00BA (decimal 186)
   defining Unicode char U+02C6 (decimal 710)
   defining Unicode char U+02DC (decimal 732)
   defining Unicode char U+200C (decimal 8204)
   defining Unicode char U+2026 (decimal 8230)
   defining Unicode char U+2122 (decimal 8482)
   defining Unicode char U+2423 (decimal 9251)
))
(/usr/share/texlive/texmf-dist/tex/latex/titling/titling.sty
Package: titling 2009/09/04 v2.1d maketitle typesetting
\thanksmarkwidth=\skip43
\thanksmargin=\skip44
\droptitle=\skip45
)
(/usr/share/texlive/texmf-dist/tex/latex/graphics/graphicx.sty
Package: graphicx 2017/06/01 v1.1a Enhanced LaTeX Graphics (DPC,SPQR)

(/usr/share/texlive/texmf-dist/tex/latex/graphics/keyval.sty
Package: keyval 2014/10/28 v1.15 key=value parser (DPC)
\KV@toks@=\toks16
)
(/usr/share/texlive/texmf-dist/tex/latex/graphics/graphics.sty
Package: graphics 2017/06/25 v1.2c Standard LaTeX Graphics (DPC,SPQR)

(/usr/share/texlive/texmf-dist/tex/latex/graphics/trig.sty
Package: trig 2016/01/03 v1.10 sin cos tan (DPC)
)
(/usr/share/texlive/texmf-dist/tex/latex/graphics-cfg/graphics.cfg
File: graphics.cfg 2016/06/04 v1.11 sample graphics configuration
)
Package graphics Info: Driver file: pdftex.def on input line 99.

(/usr/share/texlive/texmf-dist/tex/latex/graphics-def/pdftex.def
File: pdftex.def 2018/01/08 v1.0l Graphics/color driver for pdftex
))
\Gin@req@height=\dimen103
\Gin@req@width=\dimen104
)
(/usr/share/texlive/texmf-dist/tex/latex/xcolor/xcolor.sty
Package: xcolor 2016/05/11 v2.12 LaTeX color extensions (UK)

(/usr/share/texlive/texmf-dist/tex/latex/graphics-cfg/color.cfg
File: color.cfg 2016/01/02 v1.6 sample color configuration
)
Package xcolor Info: Driver file: pdftex.def on input line 225.
Package xcolor Info: Model `cmy' substituted by `cmy0' on input line 1348.
Package xcolor Info: Model `hsb' substituted by `rgb' on input line 1352.
Package xcolor Info: Model `RGB' extended on input line 1364.
Package xcolor Info: Model `HTML' substituted by `rgb' on input line 1366.
Package xcolor Info: Model `Hsb' substituted by `hsb' on input line 1367.
Package xcolor Info: Model `tHsb' substituted by `hsb' on input line 1368.
Package xcolor Info: Model `HSB' substituted by `hsb' on input line 1369.
Package xcolor Info: Model `Gray' substituted by `gray' on input line 1370.
Package xcolor Info: Model `wave' substituted by `hsb' on input line 1371.
)
(/usr/share/texlive/texmf-dist/tex/latex/hyperref/hyperref.sty
Package: hyperref 2018/02/06 v6.86b Hypertext links for LaTeX

(/usr/share/texlive/texmf-dist/tex/generic/oberdiek/hobsub-hyperref.sty
Package: hobsub-hyperref 2016/05/16 v1.14 Bundle oberdiek, subset hyperref (HO)


(/usr/share/texlive/texmf-dist/tex/generic/oberdiek/hobsub-generic.sty
Package: hobsub-generic 2016/05/16 v1.14 Bundle oberdiek, subset generic (HO)
Package: hobsub 2016/05/16 v1.14 Construct package bundles (HO)
Package: infwarerr 2016/05/16 v1.4 Providing info/warning/error messages (HO)
Package: ltxcmds 2016/05/16 v1.23 LaTeX kernel commands for general use (HO)
Package: ifluatex 2016/05/16 v1.4 Provides the ifluatex switch (HO)
Package ifluatex Info: LuaTeX not detected.
Package: ifvtex 2016/05/16 v1.6 Detect VTeX and its facilities (HO)
Package ifvtex Info: VTeX not detected.
Package: intcalc 2016/05/16 v1.2 Expandable calculations with integers (HO)
Package: ifpdf 2017/03/15 v3.2 Provides the ifpdf switch
Package: etexcmds 2016/05/16 v1.6 Avoid name clashes with e-TeX commands (HO)
Package etexcmds Info: Could not find \expanded.
(etexcmds)             That can mean that you are not using pdfTeX 1.50 or
(etexcmds)             that some package has redefined \expanded.
(etexcmds)             In the latter case, load this package earlier.
Package: kvsetkeys 2016/05/16 v1.17 Key value parser (HO)
Package: kvdefinekeys 2016/05/16 v1.4 Define keys (HO)
Package: pdftexcmds 2018/01/21 v0.26 Utility functions of pdfTeX for LuaTeX (HO
)
Package pdftexcmds Info: LuaTeX not detected.
Package pdftexcmds Info: \pdf@primitive is available.
Package pdftexcmds Info: \pdf@ifprimitive is available.
Package pdftexcmds Info: \pdfdraftmode found.
Package: pdfescape 2016/05/16 v1.14 Implements pdfTeX's escape features (HO)
Package: bigintcalc 2016/05/16 v1.4 Expandable calculations on big integers (HO
)
Package: bitset 2016/05/16 v1.2 Handle bit-vector datatype (HO)
Package: uniquecounter 2016/05/16 v1.3 Provide unlimited unique counter (HO)
)
Package hobsub Info: Skipping package `hobsub' (already loaded).
Package: letltxmacro 2016/05/16 v1.5 Let assignment for LaTeX macros (HO)
Package: hopatch 2016/05/16 v1.3 Wrapper for package hooks (HO)
Package: xcolor-patch 2016/05/16 xcolor patch
Package: atveryend 2016/05/16 v1.9 Hooks at the very end of document (HO)
Package atveryend Info: \enddocument detected (standard20110627).
Package: atbegshi 2016/06/09 v1.18 At begin shipout hook (HO)
Package: refcount 2016/05/16 v3.5 Data extraction from label references (HO)
Package: hycolor 2016/05/16 v1.8 Color options for hyperref/bookmark (HO)
)
(/usr/share/texlive/texmf-dist/tex/generic/ifxetex/ifxetex.sty
Package: ifxetex 2010/09/12 v0.6 Provides ifxetex conditional
)
(/usr/share/texlive/texmf-dist/tex/latex/oberdiek/auxhook.sty
Package: auxhook 2016/05/16 v1.4 Hooks for auxiliary files (HO)
)
(/usr/share/texlive/texmf-dist/tex/latex/oberdiek/kvoptions.sty
Package: kvoptions 2016/05/16 v3.12 Key value format for package options (HO)
)
\@linkdim=\dimen105
\Hy@linkcounter=\count87
\Hy@pagecounter=\count88

(/usr/share/texlive/texmf-dist/tex/latex/hyperref/pd1enc.def
File: pd1enc.def 2018/02/06 v6.86b Hyperref: PDFDocEncoding definition (HO)
Now handling font encoding PD1 ...
... no UTF-8 mapping file for font encoding PD1
)
\Hy@SavedSpaceFactor=\count89

(/usr/share/texlive/texmf-dist/tex/latex/latexconfig/hyperref.cfg
File: hyperref.cfg 2002/06/06 v1.2 hyperref configuration of TeXLive
)
Package hyperref Info: Option `colorlinks' set `true' on input line 4383.
Package hyperref Info: Hyper figures OFF on input line 4509.
Package hyperref Info: Link nesting OFF on input line 4514.
Package hyperref Info: Hyper index ON on input line 4517.
Package hyperref Info: Plain pages OFF on input line 4524.
Package hyperref Info: Backreferencing OFF on input line 4529.
Package hyperref Info: Implicit mode ON; LaTeX internals redefined.
Package hyperref Info: Bookmarks ON on input line 4762.
\c@Hy@tempcnt=\count90

(/usr/share/texlive/texmf-dist/tex/latex/url/url.sty
\Urlmuskip=\muskip10
Package: url 2013/09/16  ver 3.4  Verb mode for urls, etc.
)
LaTeX Info: Redefining \url on input line 5115.
\XeTeXLinkMargin=\dimen106
\Fld@menulength=\count91
\Field@Width=\dimen107
\Fld@charsize=\dimen108
Package hyperref Info: Hyper figures OFF on input line 6369.
Package hyperref Info: Link nesting OFF on input line 6374.
Package hyperref Info: Hyper index ON on input line 6377.
Package hyperref Info: backreferencing OFF on input line 6384.
Package hyperref Info: Link coloring ON on input line 6387.
Package hyperref Info: Link coloring with OCG OFF on input line 6394.
Package hyperref Info: PDF/A mode OFF on input line 6399.
LaTeX Info: Redefining \ref on input line 6439.
LaTeX Info: Redefining \pageref on input line 6443.
\Hy@abspage=\count92
\c@Item=\count93
\c@Hfootnote=\count94
)
Package hyperref Info: Driver (autodetected): hpdftex.

(/usr/share/texlive/texmf-dist/tex/latex/hyperref/hpdftex.def
File: hpdftex.def 2018/02/06 v6.86b Hyperref driver for pdfTeX
\Fld@listcount=\count95
\c@bookmark@seq@number=\count96

(/usr/share/texlive/texmf-dist/tex/latex/oberdiek/rerunfilecheck.sty
Package: rerunfilecheck 2016/05/16 v1.8 Rerun checks for auxiliary files (HO)
Package uniquecounter Info: New unique counter `rerunfilecheck' on input line 2
82.
)
\Hy@SectionHShift=\skip46
)
(/usr/share/texlive/texmf-dist/tex/generic/babel/babel.sty
Package: babel 2018/02/14 3.18 The Babel package

(/usr/share/texlive/texmf-dist/tex/generic/babel/switch.def
File: switch.def 2018/02/14 3.18 Babel switching mechanism
)
(/usr/share/texlive/texmf-dist/tex/generic/babel-spanish/spanish.ldf
Language: spanish.ldf 2016/03/03 v5.0p Spanish support from the babel system

(/usr/share/texlive/texmf-dist/tex/generic/babel/babel.def
File: babel.def 2018/02/14 3.18 Babel common definitions
\babel@savecnt=\count97
\U@D=\dimen109

(/usr/share/texlive/texmf-dist/tex/generic/babel/txtbabel.def)
\bbl@dirlevel=\count98
)
\es@quottoks=\toks17
\es@quotdepth=\count99
Package babel Info: Making " an active character on input line 561.
Package babel Info: Making . an active character on input line 662.
Package babel Info: Making < an active character on input line 707.
Package babel Info: Making > an active character on input line 707.
))
   defining Unicode char U+301 (decimal 769)

(/usr/share/texlive/texmf-dist/tex/latex/caption/caption.sty
Package: caption 2016/02/21 v3.3-144 Customizing captions (AR)

(/usr/share/texlive/texmf-dist/tex/latex/caption/caption3.sty
Package: caption3 2016/05/22 v1.7-166 caption3 kernel (AR)
Package caption3 Info: TeX engine: e-TeX on input line 67.
\captionmargin=\dimen110
\captionmargin@=\dimen111
\captionwidth=\dimen112
\caption@tempdima=\dimen113
\caption@indent=\dimen114
\caption@parindent=\dimen115
\caption@hangindent=\dimen116
)
\c@ContinuedFloat=\count100
Package caption Info: hyperref package is loaded.
)
(/usr/share/texlive/texmf-dist/tex/latex/caption/subcaption.sty
Package: subcaption 2016/05/22 v1.1-161 Sub-captions (AR)
\c@subfigure=\count101
\c@subtable=\count102
)
   defining Unicode char U+202F (decimal 8239)

(/usr/share/texlive/texmf-dist/tex/latex/float/float.sty
Package: float 2001/11/08 v1.3d Float enhancements (AL)
\c@float@type=\count103
\float@exts=\toks18
\float@box=\box26
\@float@everytoks=\toks19
\@floatcapt=\box27
) (./Memoria.aux
LaTeX Info: Redefining \. on input line 23.
LaTeX Info: Redefining \% on input line 23.
)
\openout1 = `Memoria.aux'.

LaTeX Font Info:    Checking defaults for OML/cmm/m/it on input line 25.
LaTeX Font Info:    ... okay on input line 25.
LaTeX Font Info:    Checking defaults for T1/cmr/m/n on input line 25.
LaTeX Font Info:    ... okay on input line 25.
LaTeX Font Info:    Checking defaults for OT1/cmr/m/n on input line 25.
LaTeX Font Info:    ... okay on input line 25.
LaTeX Font Info:    Checking defaults for OMS/cmsy/m/n on input line 25.
LaTeX Font Info:    ... okay on input line 25.
LaTeX Font Info:    Checking defaults for OMX/cmex/m/n on input line 25.
LaTeX Font Info:    ... okay on input line 25.
LaTeX Font Info:    Checking defaults for U/cmr/m/n on input line 25.
LaTeX Font Info:    ... okay on input line 25.
LaTeX Font Info:    Checking defaults for PD1/pdf/m/n on input line 25.
LaTeX Font Info:    ... okay on input line 25.

(/usr/share/texlive/texmf-dist/tex/context/base/mkii/supp-pdf.mkii
[Loading MPS to PDF converter (version 2006.09.02).]
\scratchcounter=\count104
\scratchdimen=\dimen117
\scratchbox=\box28
\nofMPsegments=\count105
\nofMParguments=\count106
\everyMPshowfont=\toks20
\MPscratchCnt=\count107
\MPscratchDim=\dimen118
\MPnumerator=\count108
\makeMPintoPDFobject=\count109
\everyMPtoPDFconversion=\toks21
) (/usr/share/texlive/texmf-dist/tex/latex/oberdiek/epstopdf-base.sty
Package: epstopdf-base 2016/05/15 v2.6 Base part for package epstopdf

(/usr/share/texlive/texmf-dist/tex/latex/oberdiek/grfext.sty
Package: grfext 2016/05/16 v1.2 Manage graphics extensions (HO)
)
Package epstopdf-base Info: Redefining graphics rule for `.eps' on input line 4
38.
Package grfext Info: Graphics extension search list:
(grfext)             [.pdf,.png,.jpg,.mps,.jpeg,.jbig2,.jb2,.PDF,.PNG,.JPG,.JPE
G,.JBIG2,.JB2,.eps]
(grfext)             \AppendGraphicsExtensions on input line 456.

(/usr/share/texlive/texmf-dist/tex/latex/latexconfig/epstopdf-sys.cfg
File: epstopdf-sys.cfg 2010/07/13 v1.3 Configuration of (r)epstopdf for TeX Liv
e
))
\AtBeginShipoutBox=\box29
Package hyperref Info: Link coloring ON on input line 25.

(/usr/share/texlive/texmf-dist/tex/latex/hyperref/nameref.sty
Package: nameref 2016/05/21 v2.44 Cross-referencing by name of section

(/usr/share/texlive/texmf-dist/tex/generic/oberdiek/gettitlestring.sty
Package: gettitlestring 2016/05/16 v1.5 Cleanup title references (HO)
)
\c@section@level=\count110
)
LaTeX Info: Redefining \ref on input line 25.
LaTeX Info: Redefining \pageref on input line 25.
LaTeX Info: Redefining \nameref on input line 25.

(./Memoria.out) (./Memoria.out)
\@outlinefile=\write3
\openout3 = `Memoria.out'.

LaTeX Info: Redefining \. on input line 25.
LaTeX Info: Redefining \% on input line 25.
Package caption Info: Begin \AtBeginDocument code.
Package caption Info: float package is loaded.
Package caption Info: End \AtBeginDocument code.
LaTeX Font Info:    External font `cmex10' loaded for size
(Font)              <12> on input line 31.
LaTeX Font Info:    External font `cmex10' loaded for size
(Font)              <8> on input line 31.
LaTeX Font Info:    External font `cmex10' loaded for size
(Font)              <6> on input line 31.
 [1

{/var/lib/texmf/fonts/map/pdftex/updmap/pdftex.map}] (./Memoria.toc
LaTeX Info: Redefining \. on input line 1.
LaTeX Info: Redefining \% on input line 1.
LaTeX Font Info:    External font `cmex10' loaded for size
(Font)              <7> on input line 4.
LaTeX Font Info:    External font `cmex10' loaded for size
(Font)              <5> on input line 4.
)
\tf@toc=\write4
\openout4 = `Memoria.toc'.

pdfTeX warning (ext4): destination with the same identifier (name{page.1}) has 
been already used, duplicate ignored
<to be read again> 
                   \relax 
l.38 \newpage
              [1]
Overfull \hbox (6.30612pt too wide) in paragraph at lines 48--49
[]\OT1/cmr/m/n/10 Nuestro tra-ba-jo con-sis-ti^^So en ha-cer un in-for-me so-br
e una em-pre-sa re-la-cion^^Sando-
 []

[2]
Overfull \hbox (3.1278pt too wide) in paragraph at lines 74--74
\OT1/cmr/bx/n/12 exis-ten-tes en la or-ga-ni-za-ci^^Son: ope-ra-ti-vo/transacci
onal,
 []

<images/componentes.png, id=116, 508.299pt x 378.213pt>
File: images/componentes.png Graphic file (type png)
<use images/componentes.png>
Package pdftex.def Info: images/componentes.png  used on input line 99.
(pdftex.def)             Requested size: 254.14886pt x 189.10603pt.
[3 <./images/componentes.png>] [4] [5] [6] [7]
! Missing $ inserted.
<inserted text> 
                $
l.273 Departamentos al 80\% \setminus
                                     > 90\% pr√≥ximamente.
I've inserted a begin-math/end-math symbol since I think
you left one out. Proceed, with fingers crossed.


LaTeX Warning: Command \' invalid in math mode on input line 273.

! Please use \mathaccent for accents in math mode.
\add@accent ...@spacefactor \spacefactor }\accent 
                                                  #1 #2\egroup \spacefactor ...
l.273 Departamentos al 80\% \setminus> 90\% pr√≥
                                                ximamente.
I'm changing \accent to \mathaccent here; wish me luck.
(Accents are not the same in formulas as they are in text.)

! You can't use `\spacefactor' in math mode.
\add@accent ...}\accent #1 #2\egroup \spacefactor 
                                                  \accent@spacefactor 
l.273 Departamentos al 80\% \setminus> 90\% pr√≥
                                                ximamente.
Sorry, but I'm not programmed to handle this case;
I'll just pretend that you didn't ask for it.
If you're in the wrong mode, you might be able to
return to the right one by typing `I}' or `I$' or `I\par'.

! Missing $ inserted.
<inserted text> 
                $
l.274 
      
I've inserted a begin-math/end-math symbol since I think
you left one out. Proceed, with fingers crossed.

Missing character: There is no Ë in font cmex10!
LaTeX Font Info:    Try loading font information for OMS+cmr on input line 281.

(/usr/share/texlive/texmf-dist/tex/latex/base/omscmr.fd
File: omscmr.fd 2014/09/29 v2.5h Standard LaTeX font definitions
)
LaTeX Font Info:    Font shape `OMS/cmr/m/n' in size <10> not available
(Font)              Font shape `OMS/cmsy/m/n' tried instead on input line 281.
 [8]
Overfull \hbox (122.77863pt too wide) in paragraph at lines 296--326
[][] 
 []

[9] [10]
<images/func1.png, id=161, 616.704pt x 185.493pt>
File: images/func1.png Graphic file (type png)
<use images/func1.png>
Package pdftex.def Info: images/func1.png  used on input line 354.
(pdftex.def)             Requested size: 308.35124pt x 92.74626pt.

Overfull \hbox (10.35127pt too wide) in paragraph at lines 354--355
 [] 
 []

[11 <./images/func1.png>]
<images/coste.png, id=167, 616.704pt x 347.49825pt>
File: images/coste.png Graphic file (type png)
<use images/coste.png>
Package pdftex.def Info: images/coste.png  used on input line 426.
(pdftex.def)             Requested size: 308.35124pt x 173.74869pt.

Overfull \hbox (10.35127pt too wide) in paragraph at lines 426--427
 [] 
 []

[12]
<images/dashboard.png, id=173, 555.87675pt x 343.2825pt>
File: images/dashboard.png Graphic file (type png)
<use images/dashboard.png>
Package pdftex.def Info: images/dashboard.png  used on input line 435.
(pdftex.def)             Requested size: 277.9377pt x 171.64082pt.
 [13 <./images/coste.png> <./images/dashboard.png>]
Overfull \hbox (11.03389pt too wide) in paragraph at lines 448--449
[]\OT1/cmr/m/n/10 Integridad: In-te-gri-dad con to-dos los soft-wa-re de Mi-cro
-soft (Outlook,
 []


! Package inputenc Error: Unicode char ‚Ç¨ (U+20AC)
(inputenc)                not set up for use with LaTeX.

See the inputenc package documentation for explanation.
Type  H <return>  for immediate help.
 ...                                              
                                                  
l.478 ...crosoft Dinamics 365 valdr√≠a. Son 101‚Ç¨
                                                   por usuario y al mes, con...

Your command was ignored.
Type  I <command> <return>  to replace it with another command,
or  <return>  to continue without it.

<images/costes.png, id=180, 616.704pt x 210.18526pt>
File: images/costes.png Graphic file (type png)
<use images/costes.png>
Package pdftex.def Info: images/costes.png  used on input line 480.
(pdftex.def)             Requested size: 308.35124pt x 105.09236pt.

Overfull \hbox (10.35127pt too wide) in paragraph at lines 480--481
 [] 
 []

[14]
<images/ponderacion.png, id=185, 616.704pt x 376.40625pt>
File: images/ponderacion.png Graphic file (type png)
<use images/ponderacion.png>
Package pdftex.def Info: images/ponderacion.png  used on input line 491.
(pdftex.def)             Requested size: 308.35124pt x 188.20265pt.
<images/costePropiedad.png, id=186, 558.085pt x 228.855pt>
File: images/costePropiedad.png Graphic file (type png)
<use images/costePropiedad.png>
Package pdftex.def Info: images/costePropiedad.png  used on input line 503.
(pdftex.def)             Requested size: 279.04182pt x 114.42722pt.
 [15 <./images/costes.png> <./images/ponderacion.png>]
<images/Holded.png, id=193, 587.19376pt x 171.64125pt>
File: images/Holded.png Graphic file (type png)
<use images/Holded.png>
Package pdftex.def Info: images/Holded.png  used on input line 509.
(pdftex.def)             Requested size: 293.59616pt x 85.8204pt.
<images/sugar.png, id=194, 586.19pt x 172.645pt>
File: images/sugar.png Graphic file (type png)
<use images/sugar.png>
Package pdftex.def Info: images/sugar.png  used on input line 513.
(pdftex.def)             Requested size: 293.09428pt x 86.32228pt.
<images/Microsoft.png, id=195, 587.19376pt x 174.6525pt>
File: images/Microsoft.png Graphic file (type png)
<use images/Microsoft.png>
Package pdftex.def Info: images/Microsoft.png  used on input line 517.
(pdftex.def)             Requested size: 293.59616pt x 87.32603pt.

Overfull \hbox (34.32562pt too wide) in paragraph at lines 524--525
[]$[]$ 
 []

[16 <./images/costePropiedad.png> <./images/Holded.png> <./images/sugar.png> <.
/images/Microsoft.png>]
<images/cliente.png, id=200, 661.72218pt x 310.15875pt>
File: images/cliente.png Graphic file (type png)
<use images/cliente.png>
Package pdftex.def Info: images/cliente.png  used on input line 541.
(pdftex.def)             Requested size: 330.86028pt x 155.079pt.

Overfull \hbox (10.8603pt too wide) in paragraph at lines 541--542
 [] 
 []

<images/web.png, id=201, 513.92pt x 210.7875pt>
File: images/web.png Graphic file (type png)
<use images/web.png>
Package pdftex.def Info: images/web.png  used on input line 548.
(pdftex.def)             Requested size: 256.95937pt x 105.3935pt.
[17 <./images/cliente.png>]
<images/rrss.png, id=207, 532.99126pt x 301.125pt>
File: images/rrss.png Graphic file (type png)
<use images/rrss.png>
Package pdftex.def Info: images/rrss.png  used on input line 555.
(pdftex.def)             Requested size: 266.49498pt x 150.56212pt.
 [18 <./images/web.png> <./images/rrss.png>]
<images/tareas.png, id=214, 547.04375pt x 314.17375pt>
File: images/tareas.png Graphic file (type png)
<use images/tareas.png>
Package pdftex.def Info: images/tareas.png  used on input line 577.
(pdftex.def)             Requested size: 273.5212pt x 157.08649pt.

Underfull \hbox (badness 10000) in paragraph at lines 591--592
[]\OT1/cmr/m/it/10 Sistema Di-rec-ti-vo\OT1/cmr/m/n/10 , [][]$\OT1/cmtt/m/n/10 
https : / / blogs . udima . es /
 []


Underfull \hbox (badness 10000) in paragraph at lines 591--592
\OT1/cmtt/m/n/10 administracion-[]y-[]direccion-[]de-[]empresas / libros /
 []


Underfull \hbox (badness 10000) in paragraph at lines 591--592
\OT1/cmtt/m/n/10 introduccion-[]a-[]la-[]organizacion-[]de-[]empresas-[]2 /
 []


Overfull \hbox (164.80133pt too wide) in paragraph at lines 591--592
\OT1/cmtt/m/n/10 unidad-[]didactica-[]2-[]el-[]sistema-[]de-[]direccion-[]y-[]o
rganizacion-[]principios-[]y-[]modelos-[]organizativos /
 []

[19 <./images/tareas.png>]
Underfull \hbox (badness 6792) in paragraph at lines 592--593
[]\OT1/cmr/m/it/10 Sistema F^^S^^Psi-co\OT1/cmr/m/n/10 , [][]$\OT1/cmtt/m/n/10 
https : / / es . slideshare . net / yadithmartinezlopez5 /
 []


Overfull \hbox (31.25812pt too wide) in paragraph at lines 595--596
[]\OT1/cmr/m/it/10 Trello\OT1/cmr/m/n/10 , [][]$\OT1/cmtt/m/n/10 https : / / tr
ello . com / ?truid = trf9bee6-[]b868-[]4daa-[]8024-[]85319ae8cb44$[][]\OT1/cmr
/m/n/10 . 
 []


Underfull \hbox (badness 10000) in paragraph at lines 597--598
[]\OT1/cmr/m/it/10 Google Ads\OT1/cmr/m/n/10 , [][]$\OT1/cmtt/m/n/10 https : / 
/ ads . google . com / intl / es _ es / start /
 []


Underfull \hbox (badness 10000) in paragraph at lines 597--598
\OT1/cmtt/m/n/10 ?subid = es-[]es-[]adon-[]bi-[]aw-[]c-[]0-[]r0 _ xx _ txx _ xx
 _ xx _ bau _ non !
 []


Underfull \hbox (badness 10000) in paragraph at lines 597--598
\OT1/cmtt/m/n/10 o2[]350070004-[] % 7bcreative % 7d-[]kwd-[]77446954221687 : lo
c-[]170 &
 []


Underfull \hbox (badness 10000) in paragraph at lines 597--598
\OT1/cmtt/m/n/10 sourceid = awo & utm _ source = aw & utm _ medium = ha & utm _
 campaign =
 []


Underfull \hbox (badness 10000) in paragraph at lines 597--598
\OT1/cmtt/m/n/10 es-[]es-[]adon-[]bi-[]aw-[]c-[]0-[]r0 _ xx _ txx _ xx _ xx _ b
au _ non ! o2[]350070004-[] %
 []


Underfull \hbox (badness 10000) in paragraph at lines 597--598
\OT1/cmtt/m/n/10 7bcreative % 7d-[]kwd-[]77446954221687 : loc-[]170 & utm _ ter
m = Google %
 []


Underfull \hbox (badness 10000) in paragraph at lines 597--598
\OT1/cmtt/m/n/10 20Ads & utm _ content = Desk % 2BTab % 20 % 7C % 20AW % 20SEM 
% 20 % 7C % 20BKWS % 20 %
 []


Underfull \hbox (badness 10000) in paragraph at lines 597--598
\OT1/cmtt/m/n/10 7C % 20EXA % 20[] % 20 % 5BWE % 5D % 20ES _ ES _ EXA _ R0 _ %5
B1 % 3A1 % 5D % 20google %
 []


Underfull \hbox (badness 4886) in paragraph at lines 599--600
[]\OT1/cmr/m/it/10 Ejemplos de CRM\OT1/cmr/m/n/10 , [][]$\OT1/cmtt/m/n/10 https
 : / / www . crmswitch . com / implementing-[]crm /
 []


Underfull \hbox (badness 10000) in paragraph at lines 600--601
[]\OT1/cmr/m/it/10 Casos de ^^Sexi-to de Hol-ded\OT1/cmr/m/n/10 , [][]$\OT1/cmt
t/m/n/10 https : / / www . holded . com / es /
 []


Underfull \hbox (badness 10000) in paragraph at lines 601--602
[]\OT1/cmr/m/it/10 Sugar CRM\OT1/cmr/m/n/10 , [][]$\OT1/cmtt/m/n/10 https : / /
 files . sugarcrm . com / resources / datasheets /
 []


Underfull \hbox (badness 10000) in paragraph at lines 603--604
[]\OT1/cmr/m/it/10 Business Choi-ce Awards: CRM\OT1/cmr/m/n/10 , [][]$\OT1/cmtt
/m/n/10 http : / / sugarcrm-[]online . s3 .
 []


Underfull \hbox (badness 10000) in paragraph at lines 603--604
\OT1/cmtt/m/n/10 amazonaws . com / misc / pcmag-[]business-[]choice-[]winner-[]
2016-[]07-[]20 .
 []


Underfull \hbox (badness 10000) in paragraph at lines 604--605
[]\OT1/cmr/m/it/10 Gesti^^Son de do-cu-men-tos en Su-gar CRM\OT1/cmr/m/n/10 , [
][]$\OT1/cmtt/m/n/10 https : / / www .
 []


Overfull \hbox (33.33026pt too wide) in paragraph at lines 604--605
\OT1/cmtt/m/n/10 connecting-[]software . com / gestion-[]de-[]documentos-[]suga
rcrm-[]mas-[]efectiva/$[][]\OT1/cmr/m/n/10 . 
 []


Underfull \hbox (badness 10000) in paragraph at lines 605--606
[]\OT1/cmr/m/it/10 Modulos en Su-gar CRM\OT1/cmr/m/n/10 , [][]$\OT1/cmtt/m/n/10
 http : / / rodriguezizquierdo . com /
 []


Overfull \hbox (84.07985pt too wide) in paragraph at lines 605--606
\OT1/cmtt/m/n/10 como-[]instalar-[]modulos-[]o-[]cambiar-[]idioma-[]en-[]sugarc
rm-[]version-[]6-[]5-[]10-[]build-[]8716/$[][]\OT1/cmr/m/n/10 . 
 []


Underfull \hbox (badness 10000) in paragraph at lines 606--607
[]\OT1/cmr/m/it/10 Gestion de per-fi-les\OT1/cmr/m/n/10 , [][]$\OT1/cmtt/m/n/10
 https : / / bebeyond . es /
 []

[20]
Underfull \hbox (badness 10000) in paragraph at lines 609--610
[]\OT1/cmr/m/it/10 How to Or-ga-ni-ze Dy-na-mics CRM Do-cu-ments in Sha-
 []


Underfull \hbox (badness 10000) in paragraph at lines 609--610
\OT1/cmr/m/it/10 re-Point\OT1/cmr/m/n/10 , [][]$\OT1/cmtt/m/n/10 https : / / ww
w . crmsoftwareblog . com / 2018 / 02 /
 []


Underfull \hbox (badness 10000) in paragraph at lines 610--611
[]\OT1/cmr/m/it/10 Instalar y ha-bi-li-tar un pa-que-te de idio-ma\OT1/cmr/m/n/
10 , [][]$\OT1/cmtt/m/n/10 https : / / docs .
 []


Underfull \hbox (badness 10000) in paragraph at lines 610--611
\OT1/cmtt/m/n/10 microsoft . com / es-[]es / previous-[]versions / dynamicscrm-
[]2016 /
 []


Underfull \hbox (badness 10000) in paragraph at lines 611--612
[]\OT1/cmr/m/it/10 Crear usua-rios en Dy-na-mics 365 (on-li-ne) y asig-
 []


Underfull \hbox (badness 10000) in paragraph at lines 611--612
\OT1/cmr/m/it/10 nar ro-les de se-gu-ri-dad\OT1/cmr/m/n/10 , [][]$\OT1/cmtt/m/n
/10 https : / / docs . microsoft .
 []


Underfull \hbox (badness 10000) in paragraph at lines 611--612
\OT1/cmtt/m/n/10 com / es-[]es / dynamics365 / customer-[]engagement / admin /
 []


Underfull \hbox (badness 10000) in paragraph at lines 612--613
[]\OT1/cmr/m/it/10 Soporte Dy-na-mics 365\OT1/cmr/m/n/10 , [][]$\OT1/cmtt/m/n/1
0 http : / / soportedynamics . com / servicios /
 []


Underfull \hbox (badness 10000) in paragraph at lines 613--614
[]\OT1/cmr/m/it/10 Actualizaciones acu-mu-la-ti-vas pa-ra Mi-cro-soft Dy-na-mic
s 365 lo-
 []


Underfull \hbox (badness 10000) in paragraph at lines 613--614
\OT1/cmr/m/it/10 cal\OT1/cmr/m/n/10 , [][]$\OT1/cmtt/m/n/10 https : / / support
 . microsoft . com / es-[]es / help / 3142345 /
 []


Underfull \hbox (badness 1270) in paragraph at lines 614--615
[]\OT1/cmr/m/it/10 FAQ de la pol^^S^^Pti-ca de Ac-tua-li-za-ci^^Son\OT1/cmr/m/n
/10 , [][]$\OT1/cmtt/m/n/10 https : / / docs . microsoft . com /
 []


Underfull \hbox (badness 10000) in paragraph at lines 615--616
[]\OT1/cmr/m/it/10 Historias de clien-tes\OT1/cmr/m/n/10 , [][]$\OT1/cmtt/m/n/1
0 https : / / dynamics . microsoft . com / es-[]es /
 []

Package atveryend Info: Empty hook `BeforeClearDocument' on input line 619.
[21]
Package atveryend Info: Empty hook `AfterLastShipout' on input line 619.
 (./Memoria.aux
LaTeX Info: Redefining \. on input line 23.
LaTeX Info: Redefining \% on input line 23.
)
Package atveryend Info: Executing hook `AtVeryEndDocument' on input line 619.
Package atveryend Info: Executing hook `AtEndAfterFileList' on input line 619.
Package rerunfilecheck Info: File `Memoria.out' has not changed.
(rerunfilecheck)             Checksum: 2D7FDB59E7C53B7EB4240669ABEA42A0;1705.
Package atveryend Info: Empty hook `AtVeryVeryEnd' on input line 619.
 ) 
Here is how much of TeX's memory you used:
 8026 strings out of 492982
 117572 string characters out of 6134895
 222343 words of memory out of 5000000
 11439 multiletter control sequences out of 15000+600000
 8409 words of font info for 30 fonts, out of 8000000 for 9000
 1141 hyphenation exceptions out of 8191
 36i,15n,38p,778b,523s stack positions out of 5000i,500n,10000p,200000b,80000s
</usr/share/texlive/texmf-dist/fonts/type1/public/amsfonts/cm/cmbx10.pfb></us
r/share/texlive/texmf-dist/fonts/type1/public/amsfonts/cm/cmbx12.pfb></usr/shar
e/texlive/texmf-dist/fonts/type1/public/amsfonts/cm/cmmi10.pfb></usr/share/texl
ive/texmf-dist/fonts/type1/public/amsfonts/cm/cmr10.pfb></usr/share/texlive/tex
mf-dist/fonts/type1/public/amsfonts/cm/cmr12.pfb></usr/share/texlive/texmf-dist
/fonts/type1/public/amsfonts/cm/cmr17.pfb></usr/share/texlive/texmf-dist/fonts/
type1/public/amsfonts/cm/cmr8.pfb></usr/share/texlive/texmf-dist/fonts/type1/pu
blic/amsfonts/cm/cmsy10.pfb></usr/share/texlive/texmf-dist/fonts/type1/public/a
msfonts/cm/cmti10.pfb></usr/share/texlive/texmf-dist/fonts/type1/public/amsfont
s/cm/cmtt10.pfb>
Output written on Memoria.pdf (22 pages, 992387 bytes).
PDF statistics:
 368 PDF objects out of 1000 (max. 8388607)
 308 compressed objects within 4 object streams
 67 named destinations out of 1000 (max. 500000)
 215 words of extra memory for PDF output out of 10000 (max. 10000000)

