\BOOKMARK [1][-]{Doc-Start}{\315ndice general}{}% 1
\BOOKMARK [1][-]{section.1}{Introducci\363n}{}% 2
\BOOKMARK [2][-]{subsection.1.1}{Descripci\363n de la organizaci\363n y de su actividad principal}{section.1}% 3
\BOOKMARK [2][-]{subsection.1.2}{Breve resumen del trabajo realizado}{section.1}% 4
\BOOKMARK [1][-]{section.2}{Conceptos generales}{}% 5
\BOOKMARK [2][-]{subsection.2.1}{Identificar el sistema f\355sico, directivo y de informaci\363n de la organizaci\363n. Describirlos desde el punto de vista funcional}{section.2}% 6
\BOOKMARK [2][-]{subsection.2.2}{Niveles de utilizaci\363n de los sistemas de informaci\363n existentes en la organizaci\363n: operativo/transaccional, t\341ctico y estrat\351gico.}{section.2}% 7
\BOOKMARK [1][-]{section.3}{Infraestructura de TIC}{}% 8
\BOOKMARK [2][-]{subsection.3.1}{Hardware}{section.3}% 9
\BOOKMARK [2][-]{subsection.3.2}{Software}{section.3}% 10
\BOOKMARK [1][-]{section.4}{Planificaci\363n de sistemas de informaci\363n}{}% 11
\BOOKMARK [2][-]{subsection.4.1}{Objetivos a medio-largo plazo de la organizaci\363n y uso de los sistemas de informaci\363n \(SI\) para apoyar esos objetivos}{section.4}% 12
\BOOKMARK [2][-]{subsection.4.2}{Situaci\363n actual en cuanto a los sistemas de informaci\363n}{section.4}% 13
\BOOKMARK [1][-]{section.5}{An\341lisis y evaluaci\363n de los Sistemas de Informaci\363n}{}% 14
\BOOKMARK [2][-]{subsubsection.5.0.1}{Modelo de coste de propiedad para Sistemas de Gesti\363n Comercial}{section.5}% 15
\BOOKMARK [3][-]{subsubsection.5.0.2}{Almac\351n}{subsubsection.5.0.1}% 16
\BOOKMARK [3][-]{subsubsection.5.0.3}{Comercio electr\363nico}{subsubsection.5.0.1}% 17
\BOOKMARK [3][-]{subsubsection.5.0.4}{CRM}{subsubsection.5.0.1}% 18
\BOOKMARK [3][-]{subsubsection.5.0.5}{Archivo electr\363nico}{subsubsection.5.0.1}% 19
\BOOKMARK [3][-]{subsubsection.5.0.6}{Modelos}{subsubsection.5.0.1}% 20
\BOOKMARK [1][-]{section.6}{Integraci\363n de sistemas: an\341lisis y evaluaci\363n de su aplicaci\363n a la empresa seleccionada}{}% 21
\BOOKMARK [1][-]{section.7}{Sistemas de flujo de Trabajo}{}% 22
\BOOKMARK [1][-]{section.8}{Propuestas innovadoras de Sistemas de Informaci\363n para la Organizaci\363n}{}% 23
\BOOKMARK [1][-]{section.9}{Divisi\363n de Tareas entre los miembros del grupo}{}% 24
\BOOKMARK [1][-]{section.10}{Conclusi\363n}{}% 25
